{"/home/jscheitler/Desktop/2026_Spring_Semester/492/Senior_Design/src/main/client/src/Env.ts": {"path":"/home/jscheitler/Desktop/2026_Spring_Semester/492/Senior_Design/src/main/client/src/Env.ts","statementMap":{"0":{"start":{"line":1,"column":50},"end":{"line":1,"column":null}},"1":{"start":{"line":3,"column":19},"end":{"line":6,"column":null}},"2":{"start":{"line":8,"column":0},"end":{"line":8,"column":null}}},"fnMap":{},"branchMap":{},"s":{"0":0,"1":0,"2":0},"f":{},"b":{},"meta":{"lastBranch":0,"lastFunction":0,"lastStatement":3,"seen":{"s:1:50:1:Infinity":0,"s:3:19:6:Infinity":1,"s:8:0:8:Infinity":2}}}
,"/home/jscheitler/Desktop/2026_Spring_Semester/492/Senior_Design/src/main/client/src/api/admin.ts": {"path":"/home/jscheitler/Desktop/2026_Spring_Semester/492/Senior_Design/src/main/client/src/api/admin.ts","statementMap":{"0":{"start":{"line":4,"column":17},"end":{"line":4,"column":null}},"1":{"start":{"line":6,"column":17},"end":{"line":8,"column":null}},"2":{"start":{"line":10,"column":0},"end":{"line":17,"column":null}},"3":{"start":{"line":11,"column":16},"end":{"line":11,"column":null}},"4":{"start":{"line":12,"column":2},"end":{"line":12,"column":null}},"5":{"start":{"line":13,"column":2},"end":{"line":15,"column":null}},"6":{"start":{"line":14,"column":4},"end":{"line":14,"column":null}},"7":{"start":{"line":16,"column":2},"end":{"line":16,"column":null}},"8":{"start":{"line":19,"column":27},"end":{"line":19,"column":null}},"9":{"start":{"line":19,"column":33},"end":{"line":19,"column":null}},"10":{"start":{"line":20,"column":23},"end":{"line":20,"column":null}},"11":{"start":{"line":20,"column":39},"end":{"line":20,"column":null}},"12":{"start":{"line":21,"column":26},"end":{"line":21,"column":null}},"13":{"start":{"line":21,"column":51},"end":{"line":21,"column":null}},"14":{"start":{"line":22,"column":23},"end":{"line":22,"column":null}},"15":{"start":{"line":22,"column":48},"end":{"line":22,"column":null}},"16":{"start":{"line":23,"column":26},"end":{"line":23,"column":null}},"17":{"start":{"line":23,"column":42},"end":{"line":23,"column":null}}},"fnMap":{"0":{"name":"(anonymous_0)","decl":{"start":{"line":10,"column":34},"end":{"line":10,"column":35}},"loc":{"start":{"line":10,"column":46},"end":{"line":17,"column":1}},"line":10},"1":{"name":"(anonymous_1)","decl":{"start":{"line":19,"column":27},"end":{"line":19,"column":33}},"loc":{"start":{"line":19,"column":33},"end":{"line":19,"column":null}},"line":19},"2":{"name":"(anonymous_2)","decl":{"start":{"line":20,"column":23},"end":{"line":20,"column":24}},"loc":{"start":{"line":20,"column":39},"end":{"line":20,"column":null}},"line":20},"3":{"name":"(anonymous_3)","decl":{"start":{"line":21,"column":26},"end":{"line":21,"column":27}},"loc":{"start":{"line":21,"column":51},"end":{"line":21,"column":null}},"line":21},"4":{"name":"(anonymous_4)","decl":{"start":{"line":22,"column":23},"end":{"line":22,"column":24}},"loc":{"start":{"line":22,"column":48},"end":{"line":22,"column":null}},"line":22},"5":{"name":"(anonymous_5)","decl":{"start":{"line":23,"column":26},"end":{"line":23,"column":27}},"loc":{"start":{"line":23,"column":42},"end":{"line":23,"column":null}},"line":23}},"branchMap":{"0":{"loc":{"start":{"line":13,"column":2},"end":{"line":15,"column":null}},"type":"if","locations":[{"start":{"line":13,"column":2},"end":{"line":15,"column":null}},{"start":{},"end":{}}],"line":13}},"s":{"0":1,"1":1,"2":1,"3":1,"4":1,"5":1,"6":1,"7":1,"8":1,"9":1,"10":1,"11":1,"12":1,"13":1,"14":1,"15":1,"16":1,"17":1},"f":{"0":1,"1":1,"2":1,"3":1,"4":1,"5":1},"b":{"0":[1,0]},"meta":{"lastBranch":1,"lastFunction":6,"lastStatement":18,"seen":{"s:4:17:4:Infinity":0,"s:6:17:8:Infinity":1,"s:10:0:17:Infinity":2,"f:10:34:10:35":0,"s:11:16:11:Infinity":3,"s:12:2:12:Infinity":4,"b:13:2:15:Infinity:undefined:undefined:undefined:undefined":0,"s:13:2:15:Infinity":5,"s:14:4:14:Infinity":6,"s:16:2:16:Infinity":7,"s:19:27:19:Infinity":8,"f:19:27:19:33":1,"s:19:33:19:Infinity":9,"s:20:23:20:Infinity":10,"f:20:23:20:24":2,"s:20:39:20:Infinity":11,"s:21:26:21:Infinity":12,"f:21:26:21:27":3,"s:21:51:21:Infinity":13,"s:22:23:22:Infinity":14,"f:22:23:22:24":4,"s:22:48:22:Infinity":15,"s:23:26:23:Infinity":16,"f:23:26:23:27":5,"s:23:42:23:Infinity":17}}}
,"/home/jscheitler/Desktop/2026_Spring_Semester/492/Senior_Design/src/main/client/src/api/axiosClient.ts": {"path":"/home/jscheitler/Desktop/2026_Spring_Semester/492/Senior_Design/src/main/client/src/api/axiosClient.ts","statementMap":{"0":{"start":{"line":5,"column":6},"end":{"line":5,"column":null}},"1":{"start":{"line":7,"column":2},"end":{"line":11,"column":null}},"2":{"start":{"line":13,"column":20},"end":{"line":13,"column":null}},"3":{"start":{"line":16,"column":25},"end":{"line":16,"column":null}},"4":{"start":{"line":17,"column":2},"end":{"line":17,"column":null}},"5":{"start":{"line":17,"column":37},"end":{"line":17,"column":103}},"6":{"start":{"line":20,"column":12},"end":{"line":22,"column":null}},"7":{"start":{"line":24,"column":0},"end":{"line":30,"column":null}},"8":{"start":{"line":25,"column":16},"end":{"line":25,"column":null}},"9":{"start":{"line":26,"column":2},"end":{"line":28,"column":null}},"10":{"start":{"line":27,"column":4},"end":{"line":27,"column":null}},"11":{"start":{"line":29,"column":2},"end":{"line":29,"column":null}},"12":{"start":{"line":32,"column":0},"end":{"line":53,"column":null}},"13":{"start":{"line":33,"column":16},"end":{"line":33,"column":null}},"14":{"start":{"line":35,"column":4},"end":{"line":49,"column":null}},"15":{"start":{"line":36,"column":6},"end":{"line":42,"column":null}},"16":{"start":{"line":43,"column":6},"end":{"line":43,"column":null}},"17":{"start":{"line":44,"column":6},"end":{"line":44,"column":null}},"18":{"start":{"line":46,"column":6},"end":{"line":48,"column":null}},"19":{"start":{"line":47,"column":8},"end":{"line":47,"column":null}},"20":{"start":{"line":51,"column":4},"end":{"line":51,"column":null}}},"fnMap":{"0":{"name":"isAuthRoute","decl":{"start":{"line":15,"column":9},"end":{"line":15,"column":21}},"loc":{"start":{"line":15,"column":48},"end":{"line":18,"column":null}},"line":15},"1":{"name":"(anonymous_1)","decl":{"start":{"line":17,"column":26},"end":{"line":17,"column":27}},"loc":{"start":{"line":17,"column":37},"end":{"line":17,"column":103}},"line":17},"2":{"name":"(anonymous_2)","decl":{"start":{"line":24,"column":29},"end":{"line":24,"column":30}},"loc":{"start":{"line":24,"column":41},"end":{"line":30,"column":1}},"line":24},"3":{"name":"(anonymous_3)","decl":{"start":{"line":33,"column":2},"end":{"line":33,"column":3}},"loc":{"start":{"line":33,"column":16},"end":{"line":33,"column":null}},"line":33},"4":{"name":"(anonymous_4)","decl":{"start":{"line":34,"column":2},"end":{"line":34,"column":3}},"loc":{"start":{"line":34,"column":13},"end":{"line":52,"column":null}},"line":34}},"branchMap":{"0":{"loc":{"start":{"line":5,"column":20},"end":{"line":5,"column":48}},"type":"binary-expr","locations":[{"start":{"line":5,"column":20},"end":{"line":5,"column":40}},{"start":{"line":5,"column":40},"end":{"line":5,"column":48}}],"line":5},"1":{"loc":{"start":{"line":7,"column":2},"end":{"line":11,"column":null}},"type":"cond-expr","locations":[{"start":{"line":10,"column":6},"end":{"line":10,"column":null}},{"start":{"line":11,"column":6},"end":{"line":11,"column":null}}],"line":7},"2":{"loc":{"start":{"line":7,"column":2},"end":{"line":9,"column":null}},"type":"binary-expr","locations":[{"start":{"line":7,"column":2},"end":{"line":7,"column":null}},{"start":{"line":8,"column":2},"end":{"line":8,"column":null}},{"start":{"line":9,"column":2},"end":{"line":9,"column":null}}],"line":7},"3":{"loc":{"start":{"line":17,"column":37},"end":{"line":17,"column":103}},"type":"binary-expr","locations":[{"start":{"line":17,"column":37},"end":{"line":17,"column":65}},{"start":{"line":17,"column":65},"end":{"line":17,"column":103}}],"line":17},"4":{"loc":{"start":{"line":26,"column":2},"end":{"line":28,"column":null}},"type":"if","locations":[{"start":{"line":26,"column":2},"end":{"line":28,"column":null}},{"start":{},"end":{}}],"line":26},"5":{"loc":{"start":{"line":35,"column":4},"end":{"line":49,"column":null}},"type":"if","locations":[{"start":{"line":35,"column":4},"end":{"line":49,"column":null}},{"start":{},"end":{}}],"line":35},"6":{"loc":{"start":{"line":46,"column":6},"end":{"line":48,"column":null}},"type":"if","locations":[{"start":{"line":46,"column":6},"end":{"line":48,"column":null}},{"start":{},"end":{}}],"line":46}},"s":{"0":3,"1":3,"2":3,"3":2,"4":2,"5":3,"6":3,"7":3,"8":1,"9":1,"10":1,"11":1,"12":3,"13":0,"14":2,"15":2,"16":2,"17":2,"18":2,"19":1,"20":2},"f":{"0":2,"1":3,"2":1,"3":0,"4":2},"b":{"0":[3,0],"1":[0,3],"2":[3,3,3],"3":[3,3],"4":[1,0],"5":[2,0],"6":[1,1]},"meta":{"lastBranch":7,"lastFunction":5,"lastStatement":21,"seen":{"s:5:6:5:Infinity":0,"b:5:20:5:40:5:40:5:48":0,"s:7:2:11:Infinity":1,"b:10:6:10:Infinity:11:6:11:Infinity":1,"b:7:2:7:Infinity:8:2:8:Infinity:9:2:9:Infinity":2,"s:13:20:13:Infinity":2,"f:15:9:15:21":0,"s:16:25:16:Infinity":3,"s:17:2:17:Infinity":4,"f:17:26:17:27":1,"s:17:37:17:103":5,"b:17:37:17:65:17:65:17:103":3,"s:20:12:22:Infinity":6,"s:24:0:30:Infinity":7,"f:24:29:24:30":2,"s:25:16:25:Infinity":8,"b:26:2:28:Infinity:undefined:undefined:undefined:undefined":4,"s:26:2:28:Infinity":9,"s:27:4:27:Infinity":10,"s:29:2:29:Infinity":11,"s:32:0:53:Infinity":12,"f:33:2:33:3":3,"s:33:16:33:Infinity":13,"f:34:2:34:3":4,"b:35:4:49:Infinity:undefined:undefined:undefined:undefined":5,"s:35:4:49:Infinity":14,"s:36:6:42:Infinity":15,"s:43:6:43:Infinity":16,"s:44:6:44:Infinity":17,"b:46:6:48:Infinity:undefined:undefined:undefined:undefined":6,"s:46:6:48:Infinity":18,"s:47:8:47:Infinity":19,"s:51:4:51:Infinity":20}}}
,"/home/jscheitler/Desktop/2026_Spring_Semester/492/Senior_Design/src/main/client/src/api/classScheduleApi.ts": {"path":"/home/jscheitler/Desktop/2026_Spring_Semester/492/Senior_Design/src/main/client/src/api/classScheduleApi.ts","statementMap":{"0":{"start":{"line":38,"column":15},"end":{"line":38,"column":null}},"1":{"start":{"line":39,"column":2},"end":{"line":39,"column":null}},"2":{"start":{"line":40,"column":14},"end":{"line":42,"column":null}},"3":{"start":{"line":43,"column":2},"end":{"line":43,"column":null}},"4":{"start":{"line":47,"column":14},"end":{"line":47,"column":null}},"5":{"start":{"line":48,"column":2},"end":{"line":48,"column":null}},"6":{"start":{"line":52,"column":2},"end":{"line":52,"column":null}},"7":{"start":{"line":52,"column":20},"end":{"line":52,"column":null}},"8":{"start":{"line":53,"column":2},"end":{"line":61,"column":null}},"9":{"start":{"line":54,"column":16},"end":{"line":54,"column":null}},"10":{"start":{"line":55,"column":4},"end":{"line":55,"column":null}},"11":{"start":{"line":57,"column":4},"end":{"line":59,"column":null}},"12":{"start":{"line":58,"column":6},"end":{"line":58,"column":null}},"13":{"start":{"line":60,"column":4},"end":{"line":60,"column":null}}},"fnMap":{"0":{"name":"importClassSchedule","decl":{"start":{"line":37,"column":22},"end":{"line":37,"column":42}},"loc":{"start":{"line":37,"column":90},"end":{"line":44,"column":null}},"line":37},"1":{"name":"getCurrentClassSchedule","decl":{"start":{"line":46,"column":22},"end":{"line":46,"column":79}},"loc":{"start":{"line":46,"column":79},"end":{"line":49,"column":null}},"line":46},"2":{"name":"getCourseByIdent","decl":{"start":{"line":51,"column":22},"end":{"line":51,"column":39}},"loc":{"start":{"line":51,"column":84},"end":{"line":62,"column":null}},"line":51}},"branchMap":{"0":{"loc":{"start":{"line":48,"column":9},"end":{"line":48,"column":null}},"type":"binary-expr","locations":[{"start":{"line":48,"column":9},"end":{"line":48,"column":21}},{"start":{"line":48,"column":21},"end":{"line":48,"column":null}}],"line":48},"1":{"loc":{"start":{"line":52,"column":2},"end":{"line":52,"column":null}},"type":"if","locations":[{"start":{"line":52,"column":2},"end":{"line":52,"column":null}},{"start":{},"end":{}}],"line":52},"2":{"loc":{"start":{"line":57,"column":4},"end":{"line":59,"column":null}},"type":"if","locations":[{"start":{"line":57,"column":4},"end":{"line":59,"column":null}},{"start":{},"end":{}}],"line":57}},"s":{"0":1,"1":1,"2":1,"3":1,"4":1,"5":1,"6":2,"7":0,"8":2,"9":2,"10":0,"11":2,"12":1,"13":1},"f":{"0":1,"1":1,"2":2},"b":{"0":[1,1],"1":[0,2],"2":[1,1]},"meta":{"lastBranch":3,"lastFunction":3,"lastStatement":14,"seen":{"f:37:22:37:42":0,"s:38:15:38:Infinity":0,"s:39:2:39:Infinity":1,"s:40:14:42:Infinity":2,"s:43:2:43:Infinity":3,"f:46:22:46:79":1,"s:47:14:47:Infinity":4,"s:48:2:48:Infinity":5,"b:48:9:48:21:48:21:48:Infinity":0,"f:51:22:51:39":2,"b:52:2:52:Infinity:undefined:undefined:undefined:undefined":1,"s:52:2:52:Infinity":6,"s:52:20:52:Infinity":7,"s:53:2:61:Infinity":8,"s:54:16:54:Infinity":9,"s:55:4:55:Infinity":10,"b:57:4:59:Infinity:undefined:undefined:undefined:undefined":2,"s:57:4:59:Infinity":11,"s:58:6:58:Infinity":12,"s:60:4:60:Infinity":13}}}
,"/home/jscheitler/Desktop/2026_Spring_Semester/492/Senior_Design/src/main/client/src/api/courseReviewsApi.ts": {"path":"/home/jscheitler/Desktop/2026_Spring_Semester/492/Senior_Design/src/main/client/src/api/courseReviewsApi.ts","statementMap":{"0":{"start":{"line":68,"column":14},"end":{"line":70,"column":null}},"1":{"start":{"line":71,"column":2},"end":{"line":71,"column":null}},"2":{"start":{"line":75,"column":14},"end":{"line":75,"column":null}},"3":{"start":{"line":76,"column":2},"end":{"line":76,"column":null}},"4":{"start":{"line":83,"column":14},"end":{"line":83,"column":null}},"5":{"start":{"line":84,"column":2},"end":{"line":84,"column":null}},"6":{"start":{"line":88,"column":14},"end":{"line":90,"column":null}},"7":{"start":{"line":89,"column":33},"end":{"line":89,"column":null}},"8":{"start":{"line":91,"column":2},"end":{"line":93,"column":null}},"9":{"start":{"line":92,"column":4},"end":{"line":92,"column":null}},"10":{"start":{"line":94,"column":2},"end":{"line":94,"column":null}},"11":{"start":{"line":101,"column":14},"end":{"line":101,"column":null}},"12":{"start":{"line":102,"column":2},"end":{"line":102,"column":null}},"13":{"start":{"line":109,"column":14},"end":{"line":109,"column":null}},"14":{"start":{"line":110,"column":2},"end":{"line":110,"column":null}},"15":{"start":{"line":114,"column":2},"end":{"line":114,"column":null}}},"fnMap":{"0":{"name":"searchCoursesForReviews","decl":{"start":{"line":67,"column":22},"end":{"line":67,"column":46}},"loc":{"start":{"line":67,"column":92},"end":{"line":72,"column":null}},"line":67},"1":{"name":"getCourseReviewSummary","decl":{"start":{"line":74,"column":22},"end":{"line":74,"column":45}},"loc":{"start":{"line":74,"column":93},"end":{"line":77,"column":null}},"line":74},"2":{"name":"getCourseReviews","decl":{"start":{"line":79,"column":22},"end":{"line":79,"column":null}},"loc":{"start":{"line":82,"column":37},"end":{"line":85,"column":null}},"line":82},"3":{"name":"getMyCourseReview","decl":{"start":{"line":87,"column":22},"end":{"line":87,"column":40}},"loc":{"start":{"line":87,"column":88},"end":{"line":95,"column":null}},"line":87},"4":{"name":"(anonymous_4)","decl":{"start":{"line":89,"column":20},"end":{"line":89,"column":21}},"loc":{"start":{"line":89,"column":33},"end":{"line":89,"column":null}},"line":89},"5":{"name":"createCourseReview","decl":{"start":{"line":97,"column":22},"end":{"line":97,"column":null}},"loc":{"start":{"line":100,"column":25},"end":{"line":103,"column":null}},"line":100},"6":{"name":"updateMyCourseReview","decl":{"start":{"line":105,"column":22},"end":{"line":105,"column":null}},"loc":{"start":{"line":108,"column":25},"end":{"line":111,"column":null}},"line":108},"7":{"name":"deleteMyCourseReview","decl":{"start":{"line":113,"column":22},"end":{"line":113,"column":43}},"loc":{"start":{"line":113,"column":76},"end":{"line":115,"column":null}},"line":113}},"branchMap":{"0":{"loc":{"start":{"line":71,"column":9},"end":{"line":71,"column":null}},"type":"binary-expr","locations":[{"start":{"line":71,"column":9},"end":{"line":71,"column":21}},{"start":{"line":71,"column":21},"end":{"line":71,"column":null}}],"line":71},"1":{"loc":{"start":{"line":89,"column":33},"end":{"line":89,"column":null}},"type":"binary-expr","locations":[{"start":{"line":89,"column":33},"end":{"line":89,"column":50}},{"start":{"line":89,"column":50},"end":{"line":89,"column":67}},{"start":{"line":89,"column":67},"end":{"line":89,"column":null}}],"line":89},"2":{"loc":{"start":{"line":91,"column":2},"end":{"line":93,"column":null}},"type":"if","locations":[{"start":{"line":91,"column":2},"end":{"line":93,"column":null}},{"start":{},"end":{}}],"line":91}},"s":{"0":1,"1":1,"2":1,"3":1,"4":1,"5":1,"6":1,"7":0,"8":1,"9":1,"10":0,"11":1,"12":1,"13":1,"14":1,"15":1},"f":{"0":1,"1":1,"2":1,"3":1,"4":0,"5":1,"6":1,"7":1},"b":{"0":[1,0],"1":[0,0,0],"2":[1,0]},"meta":{"lastBranch":3,"lastFunction":8,"lastStatement":16,"seen":{"f:67:22:67:46":0,"s:68:14:70:Infinity":0,"s:71:2:71:Infinity":1,"b:71:9:71:21:71:21:71:Infinity":0,"f:74:22:74:45":1,"s:75:14:75:Infinity":2,"s:76:2:76:Infinity":3,"f:79:22:79:Infinity":2,"s:83:14:83:Infinity":4,"s:84:2:84:Infinity":5,"f:87:22:87:40":3,"s:88:14:90:Infinity":6,"f:89:20:89:21":4,"s:89:33:89:Infinity":7,"b:89:33:89:50:89:50:89:67:89:67:89:Infinity":1,"b:91:2:93:Infinity:undefined:undefined:undefined:undefined":2,"s:91:2:93:Infinity":8,"s:92:4:92:Infinity":9,"s:94:2:94:Infinity":10,"f:97:22:97:Infinity":5,"s:101:14:101:Infinity":11,"s:102:2:102:Infinity":12,"f:105:22:105:Infinity":6,"s:109:14:109:Infinity":13,"s:110:2:110:Infinity":14,"f:113:22:113:43":7,"s:114:2:114:Infinity":15}}}
,"/home/jscheitler/Desktop/2026_Spring_Semester/492/Senior_Design/src/main/client/src/api/diningApi.ts": {"path":"/home/jscheitler/Desktop/2026_Spring_Semester/492/Senior_Design/src/main/client/src/api/diningApi.ts","statementMap":{"0":{"start":{"line":51,"column":19},"end":{"line":53,"column":null}},"1":{"start":{"line":54,"column":2},"end":{"line":54,"column":null}}},"fnMap":{"0":{"name":"getDiningOverview","decl":{"start":{"line":50,"column":22},"end":{"line":50,"column":40}},"loc":{"start":{"line":50,"column":80},"end":{"line":55,"column":null}},"line":50}},"branchMap":{"0":{"loc":{"start":{"line":52,"column":12},"end":{"line":52,"column":null}},"type":"cond-expr","locations":[{"start":{"line":52,"column":19},"end":{"line":52,"column":30}},{"start":{"line":52,"column":30},"end":{"line":52,"column":null}}],"line":52}},"s":{"0":2,"1":2},"f":{"0":2},"b":{"0":[1,1]},"meta":{"lastBranch":1,"lastFunction":1,"lastStatement":2,"seen":{"f:50:22:50:40":0,"s:51:19:53:Infinity":0,"b:52:19:52:30:52:30:52:Infinity":0,"s:54:2:54:Infinity":1}}}
,"/home/jscheitler/Desktop/2026_Spring_Semester/492/Senior_Design/src/main/client/src/api/flowchartApi.ts": {"path":"/home/jscheitler/Desktop/2026_Spring_Semester/492/Senior_Design/src/main/client/src/api/flowchartApi.ts","statementMap":{"0":{"start":{"line":183,"column":2},"end":{"line":191,"column":null}},"1":{"start":{"line":184,"column":16},"end":{"line":184,"column":null}},"2":{"start":{"line":185,"column":4},"end":{"line":185,"column":null}},"3":{"start":{"line":187,"column":4},"end":{"line":189,"column":null}},"4":{"start":{"line":188,"column":6},"end":{"line":188,"column":null}},"5":{"start":{"line":190,"column":4},"end":{"line":190,"column":null}},"6":{"start":{"line":195,"column":14},"end":{"line":195,"column":null}},"7":{"start":{"line":196,"column":2},"end":{"line":196,"column":null}},"8":{"start":{"line":200,"column":2},"end":{"line":208,"column":null}},"9":{"start":{"line":201,"column":16},"end":{"line":201,"column":null}},"10":{"start":{"line":202,"column":4},"end":{"line":202,"column":null}},"11":{"start":{"line":204,"column":4},"end":{"line":206,"column":null}},"12":{"start":{"line":205,"column":6},"end":{"line":205,"column":null}},"13":{"start":{"line":207,"column":4},"end":{"line":207,"column":null}},"14":{"start":{"line":216,"column":2},"end":{"line":224,"column":null}},"15":{"start":{"line":217,"column":16},"end":{"line":217,"column":null}},"16":{"start":{"line":218,"column":4},"end":{"line":218,"column":null}},"17":{"start":{"line":220,"column":4},"end":{"line":222,"column":null}},"18":{"start":{"line":221,"column":6},"end":{"line":221,"column":null}},"19":{"start":{"line":223,"column":4},"end":{"line":223,"column":null}},"20":{"start":{"line":234,"column":14},"end":{"line":234,"column":null}},"21":{"start":{"line":235,"column":2},"end":{"line":235,"column":null}},"22":{"start":{"line":246,"column":14},"end":{"line":246,"column":null}},"23":{"start":{"line":247,"column":2},"end":{"line":247,"column":null}},"24":{"start":{"line":259,"column":14},"end":{"line":262,"column":null}},"25":{"start":{"line":263,"column":2},"end":{"line":263,"column":null}},"26":{"start":{"line":270,"column":2},"end":{"line":270,"column":null}},"27":{"start":{"line":277,"column":14},"end":{"line":277,"column":null}},"28":{"start":{"line":278,"column":2},"end":{"line":278,"column":null}},"29":{"start":{"line":289,"column":14},"end":{"line":291,"column":null}},"30":{"start":{"line":292,"column":2},"end":{"line":292,"column":null}},"31":{"start":{"line":299,"column":14},"end":{"line":299,"column":null}},"32":{"start":{"line":300,"column":2},"end":{"line":300,"column":null}},"33":{"start":{"line":304,"column":2},"end":{"line":312,"column":null}},"34":{"start":{"line":305,"column":16},"end":{"line":305,"column":null}},"35":{"start":{"line":306,"column":4},"end":{"line":306,"column":null}},"36":{"start":{"line":308,"column":4},"end":{"line":310,"column":null}},"37":{"start":{"line":309,"column":6},"end":{"line":309,"column":null}},"38":{"start":{"line":311,"column":4},"end":{"line":311,"column":null}},"39":{"start":{"line":316,"column":2},"end":{"line":324,"column":null}},"40":{"start":{"line":317,"column":16},"end":{"line":317,"column":null}},"41":{"start":{"line":318,"column":4},"end":{"line":318,"column":null}},"42":{"start":{"line":320,"column":4},"end":{"line":322,"column":null}},"43":{"start":{"line":321,"column":6},"end":{"line":321,"column":null}},"44":{"start":{"line":323,"column":4},"end":{"line":323,"column":null}},"45":{"start":{"line":328,"column":2},"end":{"line":336,"column":null}},"46":{"start":{"line":329,"column":16},"end":{"line":329,"column":null}},"47":{"start":{"line":330,"column":4},"end":{"line":330,"column":null}},"48":{"start":{"line":332,"column":4},"end":{"line":334,"column":null}},"49":{"start":{"line":333,"column":6},"end":{"line":333,"column":null}},"50":{"start":{"line":335,"column":4},"end":{"line":335,"column":null}},"51":{"start":{"line":340,"column":2},"end":{"line":348,"column":null}},"52":{"start":{"line":341,"column":16},"end":{"line":341,"column":null}},"53":{"start":{"line":342,"column":4},"end":{"line":342,"column":null}},"54":{"start":{"line":344,"column":4},"end":{"line":346,"column":null}},"55":{"start":{"line":345,"column":6},"end":{"line":345,"column":null}},"56":{"start":{"line":347,"column":4},"end":{"line":347,"column":null}},"57":{"start":{"line":354,"column":2},"end":{"line":362,"column":null}},"58":{"start":{"line":355,"column":16},"end":{"line":355,"column":null}},"59":{"start":{"line":356,"column":4},"end":{"line":356,"column":null}},"60":{"start":{"line":358,"column":4},"end":{"line":360,"column":null}},"61":{"start":{"line":359,"column":6},"end":{"line":359,"column":null}},"62":{"start":{"line":361,"column":4},"end":{"line":361,"column":null}},"63":{"start":{"line":368,"column":2},"end":{"line":376,"column":null}},"64":{"start":{"line":369,"column":16},"end":{"line":369,"column":null}},"65":{"start":{"line":370,"column":4},"end":{"line":370,"column":null}},"66":{"start":{"line":372,"column":4},"end":{"line":374,"column":null}},"67":{"start":{"line":373,"column":6},"end":{"line":373,"column":null}},"68":{"start":{"line":375,"column":4},"end":{"line":375,"column":null}},"69":{"start":{"line":380,"column":14},"end":{"line":380,"column":null}},"70":{"start":{"line":381,"column":2},"end":{"line":381,"column":null}},"71":{"start":{"line":388,"column":14},"end":{"line":388,"column":null}},"72":{"start":{"line":389,"column":2},"end":{"line":389,"column":null}},"73":{"start":{"line":393,"column":14},"end":{"line":393,"column":null}},"74":{"start":{"line":394,"column":2},"end":{"line":394,"column":null}},"75":{"start":{"line":398,"column":2},"end":{"line":398,"column":null}},"76":{"start":{"line":402,"column":14},"end":{"line":402,"column":null}},"77":{"start":{"line":403,"column":2},"end":{"line":403,"column":null}},"78":{"start":{"line":407,"column":14},"end":{"line":407,"column":null}},"79":{"start":{"line":408,"column":2},"end":{"line":408,"column":null}},"80":{"start":{"line":415,"column":14},"end":{"line":415,"column":null}},"81":{"start":{"line":416,"column":2},"end":{"line":416,"column":null}},"82":{"start":{"line":420,"column":14},"end":{"line":420,"column":null}},"83":{"start":{"line":421,"column":2},"end":{"line":421,"column":null}},"84":{"start":{"line":428,"column":14},"end":{"line":428,"column":null}},"85":{"start":{"line":429,"column":2},"end":{"line":429,"column":null}},"86":{"start":{"line":436,"column":14},"end":{"line":436,"column":null}},"87":{"start":{"line":437,"column":2},"end":{"line":437,"column":null}},"88":{"start":{"line":441,"column":2},"end":{"line":441,"column":null}}},"fnMap":{"0":{"name":"getUserFlowchart","decl":{"start":{"line":182,"column":22},"end":{"line":182,"column":68}},"loc":{"start":{"line":182,"column":68},"end":{"line":192,"column":null}},"line":182},"1":{"name":"getMyFlowcharts","decl":{"start":{"line":194,"column":22},"end":{"line":194,"column":65}},"loc":{"start":{"line":194,"column":65},"end":{"line":197,"column":null}},"line":194},"2":{"name":"getMyFlowchartById","decl":{"start":{"line":199,"column":22},"end":{"line":199,"column":41}},"loc":{"start":{"line":199,"column":89},"end":{"line":209,"column":null}},"line":199},"3":{"name":"getFlowchartByUserId","decl":{"start":{"line":215,"column":22},"end":{"line":215,"column":43}},"loc":{"start":{"line":215,"column":86},"end":{"line":225,"column":null}},"line":215},"4":{"name":"createFlowchart","decl":{"start":{"line":231,"column":22},"end":{"line":231,"column":null}},"loc":{"start":{"line":233,"column":22},"end":{"line":236,"column":null}},"line":233},"5":{"name":"updateFlowchart","decl":{"start":{"line":242,"column":22},"end":{"line":242,"column":null}},"loc":{"start":{"line":245,"column":22},"end":{"line":248,"column":null}},"line":245},"6":{"name":"updateFlowchartCourse","decl":{"start":{"line":255,"column":22},"end":{"line":255,"column":null}},"loc":{"start":{"line":258,"column":22},"end":{"line":264,"column":null}},"line":258},"7":{"name":"deleteFlowchart","decl":{"start":{"line":269,"column":22},"end":{"line":269,"column":38}},"loc":{"start":{"line":269,"column":65},"end":{"line":271,"column":null}},"line":269},"8":{"name":"getAllFlowcharts","decl":{"start":{"line":276,"column":22},"end":{"line":276,"column":63}},"loc":{"start":{"line":276,"column":63},"end":{"line":279,"column":null}},"line":276},"9":{"name":"getCoursesByStatus","decl":{"start":{"line":285,"column":22},"end":{"line":285,"column":null}},"loc":{"start":{"line":288,"column":21},"end":{"line":293,"column":null}},"line":288},"10":{"name":"updateSemesterCourses","decl":{"start":{"line":295,"column":22},"end":{"line":295,"column":null}},"loc":{"start":{"line":298,"column":2},"end":{"line":301,"column":null}},"line":298},"11":{"name":"getFlowchartInsights","decl":{"start":{"line":303,"column":22},"end":{"line":303,"column":80}},"loc":{"start":{"line":303,"column":80},"end":{"line":313,"column":null}},"line":303},"12":{"name":"getFlowchartInsightsByUserId","decl":{"start":{"line":315,"column":22},"end":{"line":315,"column":51}},"loc":{"start":{"line":315,"column":102},"end":{"line":325,"column":null}},"line":315},"13":{"name":"getFlowchartInsightsByFlowchartId","decl":{"start":{"line":327,"column":22},"end":{"line":327,"column":56}},"loc":{"start":{"line":327,"column":112},"end":{"line":337,"column":null}},"line":327},"14":{"name":"getFlowchartRequirementCoverage","decl":{"start":{"line":339,"column":22},"end":{"line":339,"column":102}},"loc":{"start":{"line":339,"column":102},"end":{"line":349,"column":null}},"line":339},"15":{"name":"getFlowchartRequirementCoverageByUserId","decl":{"start":{"line":351,"column":22},"end":{"line":351,"column":null}},"loc":{"start":{"line":353,"column":48},"end":{"line":363,"column":null}},"line":353},"16":{"name":"getFlowchartRequirementCoverageByFlowchartId","decl":{"start":{"line":365,"column":22},"end":{"line":365,"column":null}},"loc":{"start":{"line":367,"column":48},"end":{"line":377,"column":null}},"line":367},"17":{"name":"getFlowchartComments","decl":{"start":{"line":379,"column":22},"end":{"line":379,"column":43}},"loc":{"start":{"line":379,"column":93},"end":{"line":382,"column":null}},"line":379},"18":{"name":"createFlowchartComment","decl":{"start":{"line":384,"column":22},"end":{"line":384,"column":null}},"loc":{"start":{"line":387,"column":29},"end":{"line":390,"column":null}},"line":387},"19":{"name":"updateFlowchartComment","decl":{"start":{"line":392,"column":22},"end":{"line":392,"column":45}},"loc":{"start":{"line":392,"column":123},"end":{"line":395,"column":null}},"line":392},"20":{"name":"deleteFlowchartComment","decl":{"start":{"line":397,"column":22},"end":{"line":397,"column":45}},"loc":{"start":{"line":397,"column":79},"end":{"line":399,"column":null}},"line":397},"21":{"name":"dismissFlowchartComment","decl":{"start":{"line":401,"column":22},"end":{"line":401,"column":46}},"loc":{"start":{"line":401,"column":112},"end":{"line":404,"column":null}},"line":401},"22":{"name":"getFlowchartReview","decl":{"start":{"line":406,"column":22},"end":{"line":406,"column":41}},"loc":{"start":{"line":406,"column":88},"end":{"line":409,"column":null}},"line":406},"23":{"name":"updateFlowchartReview","decl":{"start":{"line":411,"column":22},"end":{"line":411,"column":null}},"loc":{"start":{"line":414,"column":28},"end":{"line":417,"column":null}},"line":414},"24":{"name":"getFlowchartRequiredChanges","decl":{"start":{"line":419,"column":22},"end":{"line":419,"column":50}},"loc":{"start":{"line":419,"column":107},"end":{"line":422,"column":null}},"line":419},"25":{"name":"createFlowchartRequiredChange","decl":{"start":{"line":424,"column":22},"end":{"line":424,"column":null}},"loc":{"start":{"line":427,"column":36},"end":{"line":430,"column":null}},"line":427},"26":{"name":"updateFlowchartRequiredChange","decl":{"start":{"line":432,"column":22},"end":{"line":432,"column":null}},"loc":{"start":{"line":435,"column":36},"end":{"line":438,"column":null}},"line":435},"27":{"name":"deleteFlowchartRequiredChange","decl":{"start":{"line":440,"column":22},"end":{"line":440,"column":52}},"loc":{"start":{"line":440,"column":83},"end":{"line":442,"column":null}},"line":440}},"branchMap":{"0":{"loc":{"start":{"line":187,"column":4},"end":{"line":189,"column":null}},"type":"if","locations":[{"start":{"line":187,"column":4},"end":{"line":189,"column":null}},{"start":{},"end":{}}],"line":187},"1":{"loc":{"start":{"line":196,"column":9},"end":{"line":196,"column":null}},"type":"binary-expr","locations":[{"start":{"line":196,"column":9},"end":{"line":196,"column":21}},{"start":{"line":196,"column":21},"end":{"line":196,"column":null}}],"line":196},"2":{"loc":{"start":{"line":204,"column":4},"end":{"line":206,"column":null}},"type":"if","locations":[{"start":{"line":204,"column":4},"end":{"line":206,"column":null}},{"start":{},"end":{}}],"line":204},"3":{"loc":{"start":{"line":220,"column":4},"end":{"line":222,"column":null}},"type":"if","locations":[{"start":{"line":220,"column":4},"end":{"line":222,"column":null}},{"start":{},"end":{}}],"line":220},"4":{"loc":{"start":{"line":308,"column":4},"end":{"line":310,"column":null}},"type":"if","locations":[{"start":{"line":308,"column":4},"end":{"line":310,"column":null}},{"start":{},"end":{}}],"line":308},"5":{"loc":{"start":{"line":320,"column":4},"end":{"line":322,"column":null}},"type":"if","locations":[{"start":{"line":320,"column":4},"end":{"line":322,"column":null}},{"start":{},"end":{}}],"line":320},"6":{"loc":{"start":{"line":332,"column":4},"end":{"line":334,"column":null}},"type":"if","locations":[{"start":{"line":332,"column":4},"end":{"line":334,"column":null}},{"start":{},"end":{}}],"line":332},"7":{"loc":{"start":{"line":344,"column":4},"end":{"line":346,"column":null}},"type":"if","locations":[{"start":{"line":344,"column":4},"end":{"line":346,"column":null}},{"start":{},"end":{}}],"line":344},"8":{"loc":{"start":{"line":358,"column":4},"end":{"line":360,"column":null}},"type":"if","locations":[{"start":{"line":358,"column":4},"end":{"line":360,"column":null}},{"start":{},"end":{}}],"line":358},"9":{"loc":{"start":{"line":372,"column":4},"end":{"line":374,"column":null}},"type":"if","locations":[{"start":{"line":372,"column":4},"end":{"line":374,"column":null}},{"start":{},"end":{}}],"line":372},"10":{"loc":{"start":{"line":381,"column":9},"end":{"line":381,"column":null}},"type":"binary-expr","locations":[{"start":{"line":381,"column":9},"end":{"line":381,"column":21}},{"start":{"line":381,"column":21},"end":{"line":381,"column":null}}],"line":381},"11":{"loc":{"start":{"line":421,"column":9},"end":{"line":421,"column":null}},"type":"binary-expr","locations":[{"start":{"line":421,"column":9},"end":{"line":421,"column":21}},{"start":{"line":421,"column":21},"end":{"line":421,"column":null}}],"line":421}},"s":{"0":1,"1":1,"2":0,"3":1,"4":1,"5":0,"6":0,"7":0,"8":0,"9":0,"10":0,"11":0,"12":0,"13":0,"14":0,"15":0,"16":0,"17":0,"18":0,"19":0,"20":0,"21":0,"22":0,"23":0,"24":1,"25":1,"26":0,"27":0,"28":0,"29":0,"30":0,"31":0,"32":0,"33":0,"34":0,"35":0,"36":0,"37":0,"38":0,"39":0,"40":0,"41":0,"42":0,"43":0,"44":0,"45":0,"46":0,"47":0,"48":0,"49":0,"50":0,"51":0,"52":0,"53":0,"54":0,"55":0,"56":0,"57":1,"58":1,"59":0,"60":1,"61":1,"62":0,"63":0,"64":0,"65":0,"66":0,"67":0,"68":0,"69":1,"70":1,"71":0,"72":0,"73":0,"74":0,"75":0,"76":1,"77":1,"78":0,"79":0,"80":0,"81":0,"82":0,"83":0,"84":0,"85":0,"86":0,"87":0,"88":0},"f":{"0":1,"1":0,"2":0,"3":0,"4":0,"5":0,"6":1,"7":0,"8":0,"9":0,"10":0,"11":0,"12":0,"13":0,"14":0,"15":1,"16":0,"17":1,"18":0,"19":0,"20":0,"21":1,"22":0,"23":0,"24":0,"25":0,"26":0,"27":0},"b":{"0":[1,0],"1":[0,0],"2":[0,0],"3":[0,0],"4":[0,0],"5":[0,0],"6":[0,0],"7":[0,0],"8":[1,0],"9":[0,0],"10":[1,1],"11":[0,0]},"meta":{"lastBranch":12,"lastFunction":28,"lastStatement":89,"seen":{"f:182:22:182:68":0,"s:183:2:191:Infinity":0,"s:184:16:184:Infinity":1,"s:185:4:185:Infinity":2,"b:187:4:189:Infinity:undefined:undefined:undefined:undefined":0,"s:187:4:189:Infinity":3,"s:188:6:188:Infinity":4,"s:190:4:190:Infinity":5,"f:194:22:194:65":1,"s:195:14:195:Infinity":6,"s:196:2:196:Infinity":7,"b:196:9:196:21:196:21:196:Infinity":1,"f:199:22:199:41":2,"s:200:2:208:Infinity":8,"s:201:16:201:Infinity":9,"s:202:4:202:Infinity":10,"b:204:4:206:Infinity:undefined:undefined:undefined:undefined":2,"s:204:4:206:Infinity":11,"s:205:6:205:Infinity":12,"s:207:4:207:Infinity":13,"f:215:22:215:43":3,"s:216:2:224:Infinity":14,"s:217:16:217:Infinity":15,"s:218:4:218:Infinity":16,"b:220:4:222:Infinity:undefined:undefined:undefined:undefined":3,"s:220:4:222:Infinity":17,"s:221:6:221:Infinity":18,"s:223:4:223:Infinity":19,"f:231:22:231:Infinity":4,"s:234:14:234:Infinity":20,"s:235:2:235:Infinity":21,"f:242:22:242:Infinity":5,"s:246:14:246:Infinity":22,"s:247:2:247:Infinity":23,"f:255:22:255:Infinity":6,"s:259:14:262:Infinity":24,"s:263:2:263:Infinity":25,"f:269:22:269:38":7,"s:270:2:270:Infinity":26,"f:276:22:276:63":8,"s:277:14:277:Infinity":27,"s:278:2:278:Infinity":28,"f:285:22:285:Infinity":9,"s:289:14:291:Infinity":29,"s:292:2:292:Infinity":30,"f:295:22:295:Infinity":10,"s:299:14:299:Infinity":31,"s:300:2:300:Infinity":32,"f:303:22:303:80":11,"s:304:2:312:Infinity":33,"s:305:16:305:Infinity":34,"s:306:4:306:Infinity":35,"b:308:4:310:Infinity:undefined:undefined:undefined:undefined":4,"s:308:4:310:Infinity":36,"s:309:6:309:Infinity":37,"s:311:4:311:Infinity":38,"f:315:22:315:51":12,"s:316:2:324:Infinity":39,"s:317:16:317:Infinity":40,"s:318:4:318:Infinity":41,"b:320:4:322:Infinity:undefined:undefined:undefined:undefined":5,"s:320:4:322:Infinity":42,"s:321:6:321:Infinity":43,"s:323:4:323:Infinity":44,"f:327:22:327:56":13,"s:328:2:336:Infinity":45,"s:329:16:329:Infinity":46,"s:330:4:330:Infinity":47,"b:332:4:334:Infinity:undefined:undefined:undefined:undefined":6,"s:332:4:334:Infinity":48,"s:333:6:333:Infinity":49,"s:335:4:335:Infinity":50,"f:339:22:339:102":14,"s:340:2:348:Infinity":51,"s:341:16:341:Infinity":52,"s:342:4:342:Infinity":53,"b:344:4:346:Infinity:undefined:undefined:undefined:undefined":7,"s:344:4:346:Infinity":54,"s:345:6:345:Infinity":55,"s:347:4:347:Infinity":56,"f:351:22:351:Infinity":15,"s:354:2:362:Infinity":57,"s:355:16:355:Infinity":58,"s:356:4:356:Infinity":59,"b:358:4:360:Infinity:undefined:undefined:undefined:undefined":8,"s:358:4:360:Infinity":60,"s:359:6:359:Infinity":61,"s:361:4:361:Infinity":62,"f:365:22:365:Infinity":16,"s:368:2:376:Infinity":63,"s:369:16:369:Infinity":64,"s:370:4:370:Infinity":65,"b:372:4:374:Infinity:undefined:undefined:undefined:undefined":9,"s:372:4:374:Infinity":66,"s:373:6:373:Infinity":67,"s:375:4:375:Infinity":68,"f:379:22:379:43":17,"s:380:14:380:Infinity":69,"s:381:2:381:Infinity":70,"b:381:9:381:21:381:21:381:Infinity":10,"f:384:22:384:Infinity":18,"s:388:14:388:Infinity":71,"s:389:2:389:Infinity":72,"f:392:22:392:45":19,"s:393:14:393:Infinity":73,"s:394:2:394:Infinity":74,"f:397:22:397:45":20,"s:398:2:398:Infinity":75,"f:401:22:401:46":21,"s:402:14:402:Infinity":76,"s:403:2:403:Infinity":77,"f:406:22:406:41":22,"s:407:14:407:Infinity":78,"s:408:2:408:Infinity":79,"f:411:22:411:Infinity":23,"s:415:14:415:Infinity":80,"s:416:2:416:Infinity":81,"f:419:22:419:50":24,"s:420:14:420:Infinity":82,"s:421:2:421:Infinity":83,"b:421:9:421:21:421:21:421:Infinity":11,"f:424:22:424:Infinity":25,"s:428:14:428:Infinity":84,"s:429:2:429:Infinity":85,"f:432:22:432:Infinity":26,"s:436:14:436:Infinity":86,"s:437:2:437:Infinity":87,"f:440:22:440:52":27,"s:441:2:441:Infinity":88}}}
,"/home/jscheitler/Desktop/2026_Spring_Semester/492/Senior_Design/src/main/client/src/api/gamesApi.ts": {"path":"/home/jscheitler/Desktop/2026_Spring_Semester/492/Senior_Design/src/main/client/src/api/gamesApi.ts","statementMap":{"0":{"start":{"line":34,"column":14},"end":{"line":34,"column":null}},"1":{"start":{"line":35,"column":2},"end":{"line":35,"column":null}},"2":{"start":{"line":39,"column":14},"end":{"line":39,"column":null}},"3":{"start":{"line":40,"column":2},"end":{"line":40,"column":null}}},"fnMap":{"0":{"name":"getDailyGame","decl":{"start":{"line":33,"column":22},"end":{"line":33,"column":62}},"loc":{"start":{"line":33,"column":62},"end":{"line":36,"column":null}},"line":33},"1":{"name":"submitDailyGuess","decl":{"start":{"line":38,"column":22},"end":{"line":38,"column":39}},"loc":{"start":{"line":38,"column":87},"end":{"line":41,"column":null}},"line":38}},"branchMap":{},"s":{"0":1,"1":1,"2":1,"3":1},"f":{"0":1,"1":1},"b":{},"meta":{"lastBranch":0,"lastFunction":2,"lastStatement":4,"seen":{"f:33:22:33:62":0,"s:34:14:34:Infinity":0,"s:35:2:35:Infinity":1,"f:38:22:38:39":1,"s:39:14:39:Infinity":2,"s:40:2:40:Infinity":3}}}
,"/home/jscheitler/Desktop/2026_Spring_Semester/492/Senior_Design/src/main/client/src/api/majorsApi.ts": {"path":"/home/jscheitler/Desktop/2026_Spring_Semester/492/Senior_Design/src/main/client/src/api/majorsApi.ts","statementMap":{"0":{"start":{"line":77,"column":14},"end":{"line":77,"column":null}},"1":{"start":{"line":78,"column":2},"end":{"line":78,"column":null}},"2":{"start":{"line":78,"column":59},"end":{"line":78,"column":102}},"3":{"start":{"line":82,"column":14},"end":{"line":82,"column":null}},"4":{"start":{"line":83,"column":2},"end":{"line":83,"column":null}},"5":{"start":{"line":87,"column":14},"end":{"line":87,"column":null}},"6":{"start":{"line":88,"column":2},"end":{"line":88,"column":null}},"7":{"start":{"line":92,"column":14},"end":{"line":92,"column":null}},"8":{"start":{"line":93,"column":2},"end":{"line":93,"column":null}},"9":{"start":{"line":101,"column":14},"end":{"line":107,"column":null}},"10":{"start":{"line":108,"column":2},"end":{"line":108,"column":null}},"11":{"start":{"line":114,"column":19},"end":{"line":114,"column":null}},"12":{"start":{"line":115,"column":2},"end":{"line":117,"column":null}},"13":{"start":{"line":116,"column":4},"end":{"line":116,"column":null}},"14":{"start":{"line":119,"column":15},"end":{"line":119,"column":null}},"15":{"start":{"line":120,"column":15},"end":{"line":120,"column":null}},"16":{"start":{"line":121,"column":19},"end":{"line":121,"column":null}},"17":{"start":{"line":122,"column":2},"end":{"line":122,"column":null}},"18":{"start":{"line":124,"column":14},"end":{"line":128,"column":null}},"19":{"start":{"line":130,"column":2},"end":{"line":130,"column":null}},"20":{"start":{"line":136,"column":19},"end":{"line":136,"column":null}},"21":{"start":{"line":137,"column":2},"end":{"line":139,"column":null}},"22":{"start":{"line":138,"column":4},"end":{"line":138,"column":null}},"23":{"start":{"line":141,"column":15},"end":{"line":141,"column":null}},"24":{"start":{"line":142,"column":15},"end":{"line":142,"column":null}},"25":{"start":{"line":143,"column":19},"end":{"line":143,"column":null}},"26":{"start":{"line":144,"column":2},"end":{"line":144,"column":null}},"27":{"start":{"line":146,"column":14},"end":{"line":150,"column":null}},"28":{"start":{"line":152,"column":2},"end":{"line":152,"column":null}},"29":{"start":{"line":158,"column":19},"end":{"line":158,"column":null}},"30":{"start":{"line":159,"column":2},"end":{"line":161,"column":null}},"31":{"start":{"line":160,"column":4},"end":{"line":160,"column":null}},"32":{"start":{"line":163,"column":19},"end":{"line":163,"column":null}},"33":{"start":{"line":164,"column":22},"end":{"line":164,"column":null}},"34":{"start":{"line":165,"column":2},"end":{"line":167,"column":null}},"35":{"start":{"line":166,"column":4},"end":{"line":166,"column":null}},"36":{"start":{"line":169,"column":15},"end":{"line":169,"column":null}},"37":{"start":{"line":170,"column":15},"end":{"line":170,"column":null}},"38":{"start":{"line":171,"column":19},"end":{"line":171,"column":null}},"39":{"start":{"line":172,"column":2},"end":{"line":172,"column":null}},"40":{"start":{"line":174,"column":14},"end":{"line":178,"column":null}},"41":{"start":{"line":180,"column":2},"end":{"line":180,"column":null}},"42":{"start":{"line":188,"column":19},"end":{"line":188,"column":null}},"43":{"start":{"line":189,"column":2},"end":{"line":191,"column":null}},"44":{"start":{"line":190,"column":4},"end":{"line":190,"column":null}},"45":{"start":{"line":192,"column":15},"end":{"line":192,"column":null}},"46":{"start":{"line":193,"column":15},"end":{"line":193,"column":null}},"47":{"start":{"line":194,"column":19},"end":{"line":194,"column":null}},"48":{"start":{"line":195,"column":2},"end":{"line":195,"column":null}},"49":{"start":{"line":196,"column":14},"end":{"line":201,"column":null}},"50":{"start":{"line":202,"column":2},"end":{"line":202,"column":null}},"51":{"start":{"line":210,"column":14},"end":{"line":212,"column":null}},"52":{"start":{"line":213,"column":2},"end":{"line":213,"column":null}},"53":{"start":{"line":217,"column":14},"end":{"line":217,"column":null}},"54":{"start":{"line":218,"column":2},"end":{"line":218,"column":null}},"55":{"start":{"line":222,"column":14},"end":{"line":222,"column":null}},"56":{"start":{"line":223,"column":2},"end":{"line":223,"column":null}}},"fnMap":{"0":{"name":"getMajorNames","decl":{"start":{"line":76,"column":22},"end":{"line":76,"column":57}},"loc":{"start":{"line":76,"column":57},"end":{"line":79,"column":null}},"line":76},"1":{"name":"(anonymous_1)","decl":{"start":{"line":78,"column":33},"end":{"line":78,"column":34}},"loc":{"start":{"line":78,"column":59},"end":{"line":78,"column":102}},"line":78},"2":{"name":"getMajorByName","decl":{"start":{"line":81,"column":22},"end":{"line":81,"column":37}},"loc":{"start":{"line":81,"column":67},"end":{"line":84,"column":null}},"line":81},"3":{"name":"getMajorById","decl":{"start":{"line":86,"column":22},"end":{"line":86,"column":35}},"loc":{"start":{"line":86,"column":63},"end":{"line":89,"column":null}},"line":86},"4":{"name":"getMajorSummaries","decl":{"start":{"line":91,"column":22},"end":{"line":91,"column":67}},"loc":{"start":{"line":91,"column":67},"end":{"line":94,"column":null}},"line":91},"5":{"name":"getMajorSummariesPage","decl":{"start":{"line":96,"column":22},"end":{"line":96,"column":null}},"loc":{"start":{"line":100,"column":40},"end":{"line":109,"column":null}},"line":100},"6":{"name":"importIsuDatasetFromPublicFile","decl":{"start":{"line":111,"column":22},"end":{"line":111,"column":null}},"loc":{"start":{"line":113,"column":34},"end":{"line":131,"column":null}},"line":113},"7":{"name":"importIsuMajorsFromPublicFile","decl":{"start":{"line":133,"column":22},"end":{"line":133,"column":null}},"loc":{"start":{"line":135,"column":34},"end":{"line":153,"column":null}},"line":135},"8":{"name":"importIsuCoursesFromPublicFile","decl":{"start":{"line":155,"column":22},"end":{"line":155,"column":null}},"loc":{"start":{"line":157,"column":34},"end":{"line":181,"column":null}},"line":157},"9":{"name":"startIsuImportJobFromPublicFile","decl":{"start":{"line":183,"column":22},"end":{"line":183,"column":null}},"loc":{"start":{"line":187,"column":25},"end":{"line":203,"column":null}},"line":187},"10":{"name":"startIsuImportJobFromServerDataset","decl":{"start":{"line":205,"column":22},"end":{"line":205,"column":null}},"loc":{"start":{"line":209,"column":25},"end":{"line":214,"column":null}},"line":209},"11":{"name":"getIsuImportJob","decl":{"start":{"line":216,"column":22},"end":{"line":216,"column":38}},"loc":{"start":{"line":216,"column":76},"end":{"line":219,"column":null}},"line":216},"12":{"name":"retryIsuImportJob","decl":{"start":{"line":221,"column":22},"end":{"line":221,"column":40}},"loc":{"start":{"line":221,"column":78},"end":{"line":224,"column":null}},"line":221}},"branchMap":{"0":{"loc":{"start":{"line":78,"column":10},"end":{"line":78,"column":26}},"type":"binary-expr","locations":[{"start":{"line":78,"column":10},"end":{"line":78,"column":22}},{"start":{"line":78,"column":22},"end":{"line":78,"column":26}}],"line":78},"1":{"loc":{"start":{"line":78,"column":59},"end":{"line":78,"column":102}},"type":"binary-expr","locations":[{"start":{"line":78,"column":59},"end":{"line":78,"column":87}},{"start":{"line":78,"column":87},"end":{"line":78,"column":102}}],"line":78},"2":{"loc":{"start":{"line":93,"column":9},"end":{"line":93,"column":null}},"type":"binary-expr","locations":[{"start":{"line":93,"column":9},"end":{"line":93,"column":21}},{"start":{"line":93,"column":21},"end":{"line":93,"column":null}}],"line":93},"3":{"loc":{"start":{"line":97,"column":2},"end":{"line":97,"column":null}},"type":"default-arg","locations":[{"start":{"line":97,"column":9},"end":{"line":97,"column":null}}],"line":97},"4":{"loc":{"start":{"line":98,"column":2},"end":{"line":98,"column":null}},"type":"default-arg","locations":[{"start":{"line":98,"column":9},"end":{"line":98,"column":null}}],"line":98},"5":{"loc":{"start":{"line":105,"column":13},"end":{"line":105,"column":null}},"type":"cond-expr","locations":[{"start":{"line":105,"column":29},"end":{"line":105,"column":44}},{"start":{"line":105,"column":44},"end":{"line":105,"column":null}}],"line":105},"6":{"loc":{"start":{"line":112,"column":2},"end":{"line":112,"column":null}},"type":"default-arg","locations":[{"start":{"line":112,"column":15},"end":{"line":112,"column":null}}],"line":112},"7":{"loc":{"start":{"line":115,"column":2},"end":{"line":117,"column":null}},"type":"if","locations":[{"start":{"line":115,"column":2},"end":{"line":117,"column":null}},{"start":{},"end":{}}],"line":115},"8":{"loc":{"start":{"line":134,"column":2},"end":{"line":134,"column":null}},"type":"default-arg","locations":[{"start":{"line":134,"column":15},"end":{"line":134,"column":null}}],"line":134},"9":{"loc":{"start":{"line":137,"column":2},"end":{"line":139,"column":null}},"type":"if","locations":[{"start":{"line":137,"column":2},"end":{"line":139,"column":null}},{"start":{},"end":{}}],"line":137},"10":{"loc":{"start":{"line":156,"column":2},"end":{"line":156,"column":null}},"type":"default-arg","locations":[{"start":{"line":156,"column":15},"end":{"line":156,"column":null}}],"line":156},"11":{"loc":{"start":{"line":159,"column":2},"end":{"line":161,"column":null}},"type":"if","locations":[{"start":{"line":159,"column":2},"end":{"line":161,"column":null}},{"start":{},"end":{}}],"line":159},"12":{"loc":{"start":{"line":164,"column":22},"end":{"line":164,"column":null}},"type":"cond-expr","locations":[{"start":{"line":164,"column":56},"end":{"line":164,"column":81}},{"start":{"line":164,"column":81},"end":{"line":164,"column":null}}],"line":164},"13":{"loc":{"start":{"line":165,"column":2},"end":{"line":167,"column":null}},"type":"if","locations":[{"start":{"line":165,"column":2},"end":{"line":167,"column":null}},{"start":{},"end":{}}],"line":165},"14":{"loc":{"start":{"line":185,"column":2},"end":{"line":185,"column":null}},"type":"default-arg","locations":[{"start":{"line":185,"column":15},"end":{"line":185,"column":null}}],"line":185},"15":{"loc":{"start":{"line":186,"column":2},"end":{"line":186,"column":null}},"type":"default-arg","locations":[{"start":{"line":186,"column":14},"end":{"line":186,"column":null}}],"line":186},"16":{"loc":{"start":{"line":189,"column":2},"end":{"line":191,"column":null}},"type":"if","locations":[{"start":{"line":189,"column":2},"end":{"line":191,"column":null}},{"start":{},"end":{}}],"line":189},"17":{"loc":{"start":{"line":207,"column":2},"end":{"line":207,"column":null}},"type":"default-arg","locations":[{"start":{"line":207,"column":16},"end":{"line":207,"column":null}}],"line":207},"18":{"loc":{"start":{"line":208,"column":2},"end":{"line":208,"column":null}},"type":"default-arg","locations":[{"start":{"line":208,"column":14},"end":{"line":208,"column":null}}],"line":208}},"s":{"0":1,"1":1,"2":4,"3":0,"4":0,"5":0,"6":0,"7":0,"8":0,"9":1,"10":1,"11":0,"12":0,"13":0,"14":0,"15":0,"16":0,"17":0,"18":0,"19":0,"20":0,"21":0,"22":0,"23":0,"24":0,"25":0,"26":0,"27":0,"28":0,"29":1,"30":1,"31":0,"32":1,"33":1,"34":1,"35":1,"36":0,"37":0,"38":0,"39":0,"40":0,"41":0,"42":0,"43":0,"44":0,"45":0,"46":0,"47":0,"48":0,"49":0,"50":0,"51":1,"52":1,"53":0,"54":0,"55":1,"56":1},"f":{"0":1,"1":4,"2":0,"3":0,"4":0,"5":1,"6":0,"7":0,"8":1,"9":0,"10":1,"11":0,"12":1},"b":{"0":[1,0],"1":[4,3],"2":[0,0],"3":[1],"4":[1],"5":[1,0],"6":[0],"7":[0,0],"8":[0],"9":[0,0],"10":[1],"11":[0,1],"12":[1,0],"13":[1,0],"14":[0],"15":[0],"16":[0,0],"17":[1],"18":[1]},"meta":{"lastBranch":19,"lastFunction":13,"lastStatement":57,"seen":{"f:76:22:76:57":0,"s:77:14:77:Infinity":0,"s:78:2:78:Infinity":1,"b:78:10:78:22:78:22:78:26":0,"f:78:33:78:34":1,"s:78:59:78:102":2,"b:78:59:78:87:78:87:78:102":1,"f:81:22:81:37":2,"s:82:14:82:Infinity":3,"s:83:2:83:Infinity":4,"f:86:22:86:35":3,"s:87:14:87:Infinity":5,"s:88:2:88:Infinity":6,"f:91:22:91:67":4,"s:92:14:92:Infinity":7,"s:93:2:93:Infinity":8,"b:93:9:93:21:93:21:93:Infinity":2,"f:96:22:96:Infinity":5,"b:97:9:97:Infinity":3,"b:98:9:98:Infinity":4,"s:101:14:107:Infinity":9,"b:105:29:105:44:105:44:105:Infinity":5,"s:108:2:108:Infinity":10,"f:111:22:111:Infinity":6,"b:112:15:112:Infinity":6,"s:114:19:114:Infinity":11,"b:115:2:117:Infinity:undefined:undefined:undefined:undefined":7,"s:115:2:117:Infinity":12,"s:116:4:116:Infinity":13,"s:119:15:119:Infinity":14,"s:120:15:120:Infinity":15,"s:121:19:121:Infinity":16,"s:122:2:122:Infinity":17,"s:124:14:128:Infinity":18,"s:130:2:130:Infinity":19,"f:133:22:133:Infinity":7,"b:134:15:134:Infinity":8,"s:136:19:136:Infinity":20,"b:137:2:139:Infinity:undefined:undefined:undefined:undefined":9,"s:137:2:139:Infinity":21,"s:138:4:138:Infinity":22,"s:141:15:141:Infinity":23,"s:142:15:142:Infinity":24,"s:143:19:143:Infinity":25,"s:144:2:144:Infinity":26,"s:146:14:150:Infinity":27,"s:152:2:152:Infinity":28,"f:155:22:155:Infinity":8,"b:156:15:156:Infinity":10,"s:158:19:158:Infinity":29,"b:159:2:161:Infinity:undefined:undefined:undefined:undefined":11,"s:159:2:161:Infinity":30,"s:160:4:160:Infinity":31,"s:163:19:163:Infinity":32,"s:164:22:164:Infinity":33,"b:164:56:164:81:164:81:164:Infinity":12,"b:165:2:167:Infinity:undefined:undefined:undefined:undefined":13,"s:165:2:167:Infinity":34,"s:166:4:166:Infinity":35,"s:169:15:169:Infinity":36,"s:170:15:170:Infinity":37,"s:171:19:171:Infinity":38,"s:172:2:172:Infinity":39,"s:174:14:178:Infinity":40,"s:180:2:180:Infinity":41,"f:183:22:183:Infinity":9,"b:185:15:185:Infinity":14,"b:186:14:186:Infinity":15,"s:188:19:188:Infinity":42,"b:189:2:191:Infinity:undefined:undefined:undefined:undefined":16,"s:189:2:191:Infinity":43,"s:190:4:190:Infinity":44,"s:192:15:192:Infinity":45,"s:193:15:193:Infinity":46,"s:194:19:194:Infinity":47,"s:195:2:195:Infinity":48,"s:196:14:201:Infinity":49,"s:202:2:202:Infinity":50,"f:205:22:205:Infinity":10,"b:207:16:207:Infinity":17,"b:208:14:208:Infinity":18,"s:210:14:212:Infinity":51,"s:213:2:213:Infinity":52,"f:216:22:216:38":11,"s:217:14:217:Infinity":53,"s:218:2:218:Infinity":54,"f:221:22:221:40":12,"s:222:14:222:Infinity":55,"s:223:2:223:Infinity":56}}}
,"/home/jscheitler/Desktop/2026_Spring_Semester/492/Senior_Design/src/main/client/src/api/professorsApi.ts": {"path":"/home/jscheitler/Desktop/2026_Spring_Semester/492/Senior_Design/src/main/client/src/api/professorsApi.ts","statementMap":{"0":{"start":{"line":95,"column":14},"end":{"line":95,"column":null}},"1":{"start":{"line":96,"column":2},"end":{"line":96,"column":null}},"2":{"start":{"line":100,"column":14},"end":{"line":100,"column":null}},"3":{"start":{"line":101,"column":2},"end":{"line":101,"column":null}},"4":{"start":{"line":105,"column":14},"end":{"line":105,"column":null}},"5":{"start":{"line":106,"column":2},"end":{"line":106,"column":null}},"6":{"start":{"line":110,"column":14},"end":{"line":110,"column":null}},"7":{"start":{"line":111,"column":2},"end":{"line":111,"column":null}},"8":{"start":{"line":118,"column":14},"end":{"line":118,"column":null}},"9":{"start":{"line":119,"column":2},"end":{"line":119,"column":null}},"10":{"start":{"line":123,"column":14},"end":{"line":125,"column":null}},"11":{"start":{"line":124,"column":33},"end":{"line":124,"column":null}},"12":{"start":{"line":126,"column":2},"end":{"line":128,"column":null}},"13":{"start":{"line":127,"column":4},"end":{"line":127,"column":null}},"14":{"start":{"line":129,"column":2},"end":{"line":129,"column":null}},"15":{"start":{"line":136,"column":14},"end":{"line":136,"column":null}},"16":{"start":{"line":137,"column":2},"end":{"line":137,"column":null}},"17":{"start":{"line":144,"column":14},"end":{"line":144,"column":null}},"18":{"start":{"line":145,"column":2},"end":{"line":145,"column":null}},"19":{"start":{"line":149,"column":2},"end":{"line":149,"column":null}}},"fnMap":{"0":{"name":"browseProfessors","decl":{"start":{"line":88,"column":22},"end":{"line":88,"column":39}},"loc":{"start":{"line":94,"column":37},"end":{"line":97,"column":null}},"line":94},"1":{"name":"getProfessorDirectoryStatus","decl":{"start":{"line":99,"column":22},"end":{"line":99,"column":87}},"loc":{"start":{"line":99,"column":87},"end":{"line":102,"column":null}},"line":99},"2":{"name":"getProfessorDepartments","decl":{"start":{"line":104,"column":22},"end":{"line":104,"column":67}},"loc":{"start":{"line":104,"column":67},"end":{"line":107,"column":null}},"line":104},"3":{"name":"getProfessorDetail","decl":{"start":{"line":109,"column":22},"end":{"line":109,"column":41}},"loc":{"start":{"line":109,"column":88},"end":{"line":112,"column":null}},"line":109},"4":{"name":"getProfessorReviews","decl":{"start":{"line":114,"column":22},"end":{"line":114,"column":null}},"loc":{"start":{"line":117,"column":40},"end":{"line":120,"column":null}},"line":117},"5":{"name":"getMyProfessorReview","decl":{"start":{"line":122,"column":22},"end":{"line":122,"column":43}},"loc":{"start":{"line":122,"column":97},"end":{"line":130,"column":null}},"line":122},"6":{"name":"(anonymous_6)","decl":{"start":{"line":124,"column":20},"end":{"line":124,"column":21}},"loc":{"start":{"line":124,"column":33},"end":{"line":124,"column":null}},"line":124},"7":{"name":"createProfessorReview","decl":{"start":{"line":132,"column":22},"end":{"line":132,"column":null}},"loc":{"start":{"line":135,"column":28},"end":{"line":138,"column":null}},"line":135},"8":{"name":"updateMyProfessorReview","decl":{"start":{"line":140,"column":22},"end":{"line":140,"column":null}},"loc":{"start":{"line":143,"column":28},"end":{"line":146,"column":null}},"line":143},"9":{"name":"deleteMyProfessorReview","decl":{"start":{"line":148,"column":22},"end":{"line":148,"column":46}},"loc":{"start":{"line":148,"column":82},"end":{"line":150,"column":null}},"line":148}},"branchMap":{"0":{"loc":{"start":{"line":124,"column":33},"end":{"line":124,"column":null}},"type":"binary-expr","locations":[{"start":{"line":124,"column":33},"end":{"line":124,"column":50}},{"start":{"line":124,"column":50},"end":{"line":124,"column":67}},{"start":{"line":124,"column":67},"end":{"line":124,"column":null}}],"line":124},"1":{"loc":{"start":{"line":126,"column":2},"end":{"line":128,"column":null}},"type":"if","locations":[{"start":{"line":126,"column":2},"end":{"line":128,"column":null}},{"start":{},"end":{}}],"line":126}},"s":{"0":1,"1":1,"2":1,"3":1,"4":1,"5":1,"6":1,"7":1,"8":1,"9":1,"10":1,"11":0,"12":1,"13":1,"14":0,"15":1,"16":1,"17":1,"18":1,"19":1},"f":{"0":1,"1":1,"2":1,"3":1,"4":1,"5":1,"6":0,"7":1,"8":1,"9":1},"b":{"0":[0,0,0],"1":[1,0]},"meta":{"lastBranch":2,"lastFunction":10,"lastStatement":20,"seen":{"f:88:22:88:39":0,"s:95:14:95:Infinity":0,"s:96:2:96:Infinity":1,"f:99:22:99:87":1,"s:100:14:100:Infinity":2,"s:101:2:101:Infinity":3,"f:104:22:104:67":2,"s:105:14:105:Infinity":4,"s:106:2:106:Infinity":5,"f:109:22:109:41":3,"s:110:14:110:Infinity":6,"s:111:2:111:Infinity":7,"f:114:22:114:Infinity":4,"s:118:14:118:Infinity":8,"s:119:2:119:Infinity":9,"f:122:22:122:43":5,"s:123:14:125:Infinity":10,"f:124:20:124:21":6,"s:124:33:124:Infinity":11,"b:124:33:124:50:124:50:124:67:124:67:124:Infinity":0,"b:126:2:128:Infinity:undefined:undefined:undefined:undefined":1,"s:126:2:128:Infinity":12,"s:127:4:127:Infinity":13,"s:129:2:129:Infinity":14,"f:132:22:132:Infinity":7,"s:136:14:136:Infinity":15,"s:137:2:137:Infinity":16,"f:140:22:140:Infinity":8,"s:144:14:144:Infinity":17,"s:145:2:145:Infinity":18,"f:148:22:148:46":9,"s:149:2:149:Infinity":19}}}
,"/home/jscheitler/Desktop/2026_Spring_Semester/492/Senior_Design/src/main/client/src/api/usersApi.ts": {"path":"/home/jscheitler/Desktop/2026_Spring_Semester/492/Senior_Design/src/main/client/src/api/usersApi.ts","statementMap":{"0":{"start":{"line":13,"column":14},"end":{"line":15,"column":null}},"1":{"start":{"line":16,"column":2},"end":{"line":16,"column":null}},"2":{"start":{"line":20,"column":14},"end":{"line":20,"column":null}},"3":{"start":{"line":21,"column":2},"end":{"line":21,"column":null}},"4":{"start":{"line":25,"column":2},"end":{"line":25,"column":null}},"5":{"start":{"line":39,"column":14},"end":{"line":39,"column":null}},"6":{"start":{"line":40,"column":2},"end":{"line":40,"column":null}},"7":{"start":{"line":44,"column":14},"end":{"line":44,"column":null}},"8":{"start":{"line":45,"column":2},"end":{"line":45,"column":null}}},"fnMap":{"0":{"name":"searchUsersByUsername","decl":{"start":{"line":12,"column":22},"end":{"line":12,"column":44}},"loc":{"start":{"line":12,"column":94},"end":{"line":17,"column":null}},"line":12},"1":{"name":"getFriends","decl":{"start":{"line":19,"column":22},"end":{"line":19,"column":67}},"loc":{"start":{"line":19,"column":67},"end":{"line":22,"column":null}},"line":19},"2":{"name":"addFriend","decl":{"start":{"line":24,"column":22},"end":{"line":24,"column":32}},"loc":{"start":{"line":24,"column":65},"end":{"line":26,"column":null}},"line":24},"3":{"name":"getUserPreferences","decl":{"start":{"line":38,"column":22},"end":{"line":38,"column":69}},"loc":{"start":{"line":38,"column":69},"end":{"line":41,"column":null}},"line":38},"4":{"name":"updateUserPreferences","decl":{"start":{"line":43,"column":22},"end":{"line":43,"column":44}},"loc":{"start":{"line":43,"column":94},"end":{"line":46,"column":null}},"line":43}},"branchMap":{},"s":{"0":1,"1":1,"2":1,"3":1,"4":1,"5":1,"6":1,"7":1,"8":1},"f":{"0":1,"1":1,"2":1,"3":1,"4":1},"b":{},"meta":{"lastBranch":0,"lastFunction":5,"lastStatement":9,"seen":{"f:12:22:12:44":0,"s:13:14:15:Infinity":0,"s:16:2:16:Infinity":1,"f:19:22:19:67":1,"s:20:14:20:Infinity":2,"s:21:2:21:Infinity":3,"f:24:22:24:32":2,"s:25:2:25:Infinity":4,"f:38:22:38:69":3,"s:39:14:39:Infinity":5,"s:40:2:40:Infinity":6,"f:43:22:43:44":4,"s:44:14:44:Infinity":7,"s:45:2:45:Infinity":8}}}
,"/home/jscheitler/Desktop/2026_Spring_Semester/492/Senior_Design/src/main/client/src/components/Badge.tsx": {"path":"/home/jscheitler/Desktop/2026_Spring_Semester/492/Senior_Design/src/main/client/src/components/Badge.tsx","statementMap":{"0":{"start":{"line":20,"column":2},"end":{"line":33,"column":null}},"1":{"start":{"line":22,"column":6},"end":{"line":22,"column":null}},"2":{"start":{"line":24,"column":6},"end":{"line":24,"column":null}},"3":{"start":{"line":26,"column":6},"end":{"line":26,"column":null}},"4":{"start":{"line":28,"column":6},"end":{"line":28,"column":null}},"5":{"start":{"line":30,"column":6},"end":{"line":30,"column":null}},"6":{"start":{"line":32,"column":6},"end":{"line":32,"column":null}},"7":{"start":{"line":37,"column":13},"end":{"line":37,"column":null}},"8":{"start":{"line":38,"column":2},"end":{"line":40,"column":null}},"9":{"start":{"line":38,"column":15},"end":{"line":38,"column":18}},"10":{"start":{"line":39,"column":4},"end":{"line":39,"column":null}},"11":{"start":{"line":42,"column":12},"end":{"line":42,"column":null}},"12":{"start":{"line":43,"column":12},"end":{"line":43,"column":null}},"13":{"start":{"line":44,"column":12},"end":{"line":44,"column":null}},"14":{"start":{"line":46,"column":2},"end":{"line":46,"column":null}},"15":{"start":{"line":50,"column":2},"end":{"line":50,"column":null}},"16":{"start":{"line":51,"column":2},"end":{"line":51,"column":null}},"17":{"start":{"line":52,"column":12},"end":{"line":52,"column":null}},"18":{"start":{"line":52,"column":13},"end":{"line":52,"column":null}},"19":{"start":{"line":53,"column":12},"end":{"line":53,"column":null}},"20":{"start":{"line":54,"column":12},"end":{"line":55,"column":null}},"21":{"start":{"line":55,"column":4},"end":{"line":55,"column":null}},"22":{"start":{"line":56,"column":2},"end":{"line":60,"column":null}},"23":{"start":{"line":64,"column":75},"end":{"line":71,"column":null}},"24":{"start":{"line":73,"column":75},"end":{"line":77,"column":null}},"25":{"start":{"line":83,"column":41},"end":{"line":83,"column":null}},"26":{"start":{"line":84,"column":21},"end":{"line":84,"column":null}},"27":{"start":{"line":85,"column":21},"end":{"line":85,"column":null}},"28":{"start":{"line":86,"column":20},"end":{"line":86,"column":null}},"29":{"start":{"line":87,"column":16},"end":{"line":87,"column":null}},"30":{"start":{"line":88,"column":28},"end":{"line":88,"column":null}},"31":{"start":{"line":89,"column":28},"end":{"line":89,"column":null}},"32":{"start":{"line":91,"column":2},"end":{"line":101,"column":null}},"33":{"start":{"line":114,"column":43},"end":{"line":174,"column":null}},"34":{"start":{"line":127,"column":6},"end":{"line":127,"column":null}},"35":{"start":{"line":128,"column":22},"end":{"line":128,"column":null}},"36":{"start":{"line":129,"column":2},"end":{"line":172,"column":null}}},"fnMap":{"0":{"name":"digitToRibbonColor","decl":{"start":{"line":19,"column":9},"end":{"line":19,"column":28}},"loc":{"start":{"line":19,"column":51},"end":{"line":34,"column":null}},"line":19},"1":{"name":"stringToColor","decl":{"start":{"line":36,"column":9},"end":{"line":36,"column":23}},"loc":{"start":{"line":36,"column":44},"end":{"line":47,"column":null}},"line":36},"2":{"name":"hslToHex","decl":{"start":{"line":49,"column":9},"end":{"line":49,"column":18}},"loc":{"start":{"line":49,"column":59},"end":{"line":62,"column":null}},"line":49},"3":{"name":"(anonymous_3)","decl":{"start":{"line":52,"column":12},"end":{"line":52,"column":13}},"loc":{"start":{"line":52,"column":13},"end":{"line":52,"column":null}},"line":52},"4":{"name":"(anonymous_4)","decl":{"start":{"line":54,"column":12},"end":{"line":54,"column":13}},"loc":{"start":{"line":55,"column":4},"end":{"line":55,"column":null}},"line":55},"5":{"name":"getBadgeColors","decl":{"start":{"line":82,"column":9},"end":{"line":82,"column":24}},"loc":{"start":{"line":82,"column":40},"end":{"line":102,"column":null}},"line":82},"6":{"name":"(anonymous_6)","decl":{"start":{"line":114,"column":43},"end":{"line":114,"column":44}},"loc":{"start":{"line":119,"column":6},"end":{"line":174,"column":null}},"line":119}},"branchMap":{"0":{"loc":{"start":{"line":20,"column":2},"end":{"line":33,"column":null}},"type":"switch","locations":[{"start":{"line":21,"column":4},"end":{"line":22,"column":null}},{"start":{"line":23,"column":4},"end":{"line":24,"column":null}},{"start":{"line":25,"column":4},"end":{"line":26,"column":null}},{"start":{"line":27,"column":4},"end":{"line":28,"column":null}},{"start":{"line":29,"column":4},"end":{"line":30,"column":null}},{"start":{"line":31,"column":4},"end":{"line":32,"column":null}}],"line":20},"1":{"loc":{"start":{"line":83,"column":9},"end":{"line":83,"column":24}},"type":"default-arg","locations":[{"start":{"line":83,"column":18},"end":{"line":83,"column":24}}],"line":83},"2":{"loc":{"start":{"line":83,"column":24},"end":{"line":83,"column":37}},"type":"default-arg","locations":[{"start":{"line":83,"column":31},"end":{"line":83,"column":37}}],"line":83},"3":{"loc":{"start":{"line":88,"column":28},"end":{"line":88,"column":null}},"type":"binary-expr","locations":[{"start":{"line":88,"column":28},"end":{"line":88,"column":48}},{"start":{"line":88,"column":48},"end":{"line":88,"column":null}}],"line":88},"4":{"loc":{"start":{"line":89,"column":28},"end":{"line":89,"column":null}},"type":"binary-expr","locations":[{"start":{"line":89,"column":28},"end":{"line":89,"column":53}},{"start":{"line":89,"column":53},"end":{"line":89,"column":null}}],"line":89},"5":{"loc":{"start":{"line":116,"column":2},"end":{"line":116,"column":null}},"type":"default-arg","locations":[{"start":{"line":116,"column":16},"end":{"line":116,"column":null}}],"line":116},"6":{"loc":{"start":{"line":117,"column":2},"end":{"line":117,"column":null}},"type":"default-arg","locations":[{"start":{"line":117,"column":16},"end":{"line":117,"column":null}}],"line":117},"7":{"loc":{"start":{"line":118,"column":2},"end":{"line":118,"column":null}},"type":"default-arg","locations":[{"start":{"line":118,"column":9},"end":{"line":118,"column":null}}],"line":118},"8":{"loc":{"start":{"line":128,"column":22},"end":{"line":128,"column":null}},"type":"binary-expr","locations":[{"start":{"line":128,"column":22},"end":{"line":128,"column":38}},{"start":{"line":128,"column":38},"end":{"line":128,"column":null}}],"line":128}},"s":{"0":0,"1":0,"2":0,"3":0,"4":0,"5":0,"6":0,"7":0,"8":0,"9":0,"10":0,"11":0,"12":0,"13":0,"14":0,"15":0,"16":0,"17":0,"18":0,"19":0,"20":0,"21":0,"22":0,"23":0,"24":0,"25":0,"26":0,"27":0,"28":0,"29":0,"30":0,"31":0,"32":0,"33":0,"34":0,"35":0,"36":0},"f":{"0":0,"1":0,"2":0,"3":0,"4":0,"5":0,"6":0},"b":{"0":[0,0,0,0,0,0],"1":[0],"2":[0],"3":[0,0],"4":[0,0],"5":[0],"6":[0],"7":[0],"8":[0,0]},"meta":{"lastBranch":9,"lastFunction":7,"lastStatement":37,"seen":{"f:19:9:19:28":0,"b:21:4:22:Infinity:23:4:24:Infinity:25:4:26:Infinity:27:4:28:Infinity:29:4:30:Infinity:31:4:32:Infinity":0,"s:20:2:33:Infinity":0,"s:22:6:22:Infinity":1,"s:24:6:24:Infinity":2,"s:26:6:26:Infinity":3,"s:28:6:28:Infinity":4,"s:30:6:30:Infinity":5,"s:32:6:32:Infinity":6,"f:36:9:36:23":1,"s:37:13:37:Infinity":7,"s:38:2:40:Infinity":8,"s:38:15:38:18":9,"s:39:4:39:Infinity":10,"s:42:12:42:Infinity":11,"s:43:12:43:Infinity":12,"s:44:12:44:Infinity":13,"s:46:2:46:Infinity":14,"f:49:9:49:18":2,"s:50:2:50:Infinity":15,"s:51:2:51:Infinity":16,"s:52:12:52:Infinity":17,"f:52:12:52:13":3,"s:52:13:52:Infinity":18,"s:53:12:53:Infinity":19,"s:54:12:55:Infinity":20,"f:54:12:54:13":4,"s:55:4:55:Infinity":21,"s:56:2:60:Infinity":22,"s:64:75:71:Infinity":23,"s:73:75:77:Infinity":24,"f:82:9:82:24":5,"s:83:41:83:Infinity":25,"b:83:18:83:24":1,"b:83:31:83:37":2,"s:84:21:84:Infinity":26,"s:85:21:85:Infinity":27,"s:86:20:86:Infinity":28,"s:87:16:87:Infinity":29,"s:88:28:88:Infinity":30,"b:88:28:88:48:88:48:88:Infinity":3,"s:89:28:89:Infinity":31,"b:89:28:89:53:89:53:89:Infinity":4,"s:91:2:101:Infinity":32,"s:114:43:174:Infinity":33,"f:114:43:114:44":6,"b:116:16:116:Infinity":5,"b:117:16:117:Infinity":6,"b:118:9:118:Infinity":7,"s:127:6:127:Infinity":34,"s:128:22:128:Infinity":35,"b:128:22:128:38:128:38:128:Infinity":8,"s:129:2:172:Infinity":36}}}
,"/home/jscheitler/Desktop/2026_Spring_Semester/492/Senior_Design/src/main/client/src/components/CourseCard.tsx": {"path":"/home/jscheitler/Desktop/2026_Spring_Semester/492/Senior_Design/src/main/client/src/components/CourseCard.tsx","statementMap":{"0":{"start":{"line":14,"column":53},"end":{"line":64,"column":null}},"1":{"start":{"line":21,"column":27},"end":{"line":21,"column":null}},"2":{"start":{"line":22,"column":4},"end":{"line":62,"column":null}},"3":{"start":{"line":40,"column":47},"end":{"line":40,"column":null}},"4":{"start":{"line":48,"column":47},"end":{"line":48,"column":null}},"5":{"start":{"line":56,"column":47},"end":{"line":56,"column":null}}},"fnMap":{"0":{"name":"(anonymous_0)","decl":{"start":{"line":14,"column":53},"end":{"line":14,"column":54}},"loc":{"start":{"line":20,"column":6},"end":{"line":64,"column":null}},"line":20},"1":{"name":"(anonymous_1)","decl":{"start":{"line":40,"column":41},"end":{"line":40,"column":47}},"loc":{"start":{"line":40,"column":47},"end":{"line":40,"column":null}},"line":40},"2":{"name":"(anonymous_2)","decl":{"start":{"line":48,"column":41},"end":{"line":48,"column":47}},"loc":{"start":{"line":48,"column":47},"end":{"line":48,"column":null}},"line":48},"3":{"name":"(anonymous_3)","decl":{"start":{"line":56,"column":41},"end":{"line":56,"column":47}},"loc":{"start":{"line":56,"column":47},"end":{"line":56,"column":null}},"line":56}},"branchMap":{"0":{"loc":{"start":{"line":19,"column":4},"end":{"line":19,"column":null}},"type":"default-arg","locations":[{"start":{"line":19,"column":18},"end":{"line":19,"column":null}}],"line":19},"1":{"loc":{"start":{"line":31,"column":83},"end":{"line":59,"column":null}},"type":"binary-expr","locations":[{"start":{"line":32,"column":18},"end":{"line":32,"column":38}},{"start":{"line":32,"column":38},"end":{"line":32,"column":54}},{"start":{"line":32,"column":54},"end":{"line":32,"column":null}},{"start":{"line":33,"column":20},"end":{"line":59,"column":null}}],"line":31},"2":{"loc":{"start":{"line":34,"column":25},"end":{"line":41,"column":null}},"type":"binary-expr","locations":[{"start":{"line":34,"column":25},"end":{"line":34,"column":null}},{"start":{"line":35,"column":28},"end":{"line":41,"column":null}}],"line":34},"3":{"loc":{"start":{"line":43,"column":25},"end":{"line":49,"column":null}},"type":"binary-expr","locations":[{"start":{"line":43,"column":25},"end":{"line":43,"column":null}},{"start":{"line":44,"column":28},"end":{"line":49,"column":null}}],"line":43},"4":{"loc":{"start":{"line":51,"column":25},"end":{"line":57,"column":null}},"type":"binary-expr","locations":[{"start":{"line":51,"column":25},"end":{"line":51,"column":null}},{"start":{"line":52,"column":28},"end":{"line":57,"column":null}}],"line":51}},"s":{"0":0,"1":0,"2":0,"3":0,"4":0,"5":0},"f":{"0":0,"1":0,"2":0,"3":0},"b":{"0":[0],"1":[0,0,0,0],"2":[0,0],"3":[0,0],"4":[0,0]},"meta":{"lastBranch":5,"lastFunction":4,"lastStatement":6,"seen":{"s:14:53:64:Infinity":0,"f:14:53:14:54":0,"b:19:18:19:Infinity":0,"s:21:27:21:Infinity":1,"s:22:4:62:Infinity":2,"b:32:18:32:38:32:38:32:54:32:54:32:Infinity:33:20:59:Infinity":1,"b:34:25:34:Infinity:35:28:41:Infinity":2,"f:40:41:40:47":1,"s:40:47:40:Infinity":3,"b:43:25:43:Infinity:44:28:49:Infinity":3,"f:48:41:48:47":2,"s:48:47:48:Infinity":4,"b:51:25:51:Infinity:52:28:57:Infinity":4,"f:56:41:56:47":3,"s:56:47:56:Infinity":5}}}
,"/home/jscheitler/Desktop/2026_Spring_Semester/492/Senior_Design/src/main/client/src/components/Flowchart.tsx": {"path":"/home/jscheitler/Desktop/2026_Spring_Semester/492/Senior_Design/src/main/client/src/components/Flowchart.tsx","statementMap":{"0":{"start":{"line":33,"column":6},"end":{"line":63,"column":null}},"1":{"start":{"line":34,"column":27},"end":{"line":37,"column":null}},"2":{"start":{"line":38,"column":22},"end":{"line":38,"column":null}},"3":{"start":{"line":39,"column":23},"end":{"line":39,"column":null}},"4":{"start":{"line":40,"column":22},"end":{"line":44,"column":null}},"5":{"start":{"line":45,"column":20},"end":{"line":45,"column":null}},"6":{"start":{"line":46,"column":25},"end":{"line":48,"column":null}},"7":{"start":{"line":50,"column":2},"end":{"line":61,"column":null}},"8":{"start":{"line":65,"column":6},"end":{"line":72,"column":null}},"9":{"start":{"line":66,"column":2},"end":{"line":71,"column":null}},"10":{"start":{"line":74,"column":18},"end":{"line":77,"column":null}},"11":{"start":{"line":79,"column":23},"end":{"line":79,"column":null}},"12":{"start":{"line":80,"column":23},"end":{"line":80,"column":null}},"13":{"start":{"line":81,"column":21},"end":{"line":81,"column":null}},"14":{"start":{"line":82,"column":21},"end":{"line":82,"column":null}},"15":{"start":{"line":83,"column":24},"end":{"line":83,"column":null}},"16":{"start":{"line":84,"column":24},"end":{"line":84,"column":null}},"17":{"start":{"line":85,"column":28},"end":{"line":85,"column":null}},"18":{"start":{"line":86,"column":18},"end":{"line":86,"column":null}},"19":{"start":{"line":88,"column":43},"end":{"line":103,"column":null}},"20":{"start":{"line":106,"column":2},"end":{"line":109,"column":null}},"21":{"start":{"line":113,"column":19},"end":{"line":113,"column":null}},"22":{"start":{"line":114,"column":2},"end":{"line":114,"column":null}},"23":{"start":{"line":114,"column":27},"end":{"line":114,"column":null}},"24":{"start":{"line":116,"column":21},"end":{"line":116,"column":null}},"25":{"start":{"line":117,"column":2},"end":{"line":117,"column":null}},"26":{"start":{"line":117,"column":19},"end":{"line":117,"column":null}},"27":{"start":{"line":119,"column":28},"end":{"line":119,"column":null}},"28":{"start":{"line":120,"column":13},"end":{"line":120,"column":null}},"29":{"start":{"line":122,"column":2},"end":{"line":126,"column":null}},"30":{"start":{"line":123,"column":19},"end":{"line":123,"column":null}},"31":{"start":{"line":124,"column":19},"end":{"line":124,"column":null}},"32":{"start":{"line":125,"column":4},"end":{"line":125,"column":null}},"33":{"start":{"line":125,"column":26},"end":{"line":125,"column":null}},"34":{"start":{"line":127,"column":2},"end":{"line":127,"column":null}},"35":{"start":{"line":131,"column":40},"end":{"line":135,"column":null}},"36":{"start":{"line":136,"column":19},"end":{"line":136,"column":null}},"37":{"start":{"line":137,"column":2},"end":{"line":137,"column":null}},"38":{"start":{"line":147,"column":39},"end":{"line":147,"column":null}},"39":{"start":{"line":148,"column":39},"end":{"line":148,"column":null}},"40":{"start":{"line":150,"column":2},"end":{"line":271,"column":null}},"41":{"start":{"line":151,"column":4},"end":{"line":151,"column":null}},"42":{"start":{"line":151,"column":20},"end":{"line":151,"column":null}},"43":{"start":{"line":153,"column":29},"end":{"line":153,"column":null}},"44":{"start":{"line":154,"column":29},"end":{"line":154,"column":null}},"45":{"start":{"line":155,"column":20},"end":{"line":155,"column":null}},"46":{"start":{"line":156,"column":10},"end":{"line":156,"column":null}},"47":{"start":{"line":157,"column":22},"end":{"line":157,"column":null}},"48":{"start":{"line":158,"column":23},"end":{"line":160,"column":null}},"49":{"start":{"line":159,"column":16},"end":{"line":159,"column":null}},"50":{"start":{"line":161,"column":34},"end":{"line":164,"column":null}},"51":{"start":{"line":170,"column":9},"end":{"line":170,"column":null}},"52":{"start":{"line":172,"column":19},"end":{"line":172,"column":null}},"53":{"start":{"line":173,"column":4},"end":{"line":238,"column":null}},"54":{"start":{"line":174,"column":20},"end":{"line":174,"column":null}},"55":{"start":{"line":175,"column":22},"end":{"line":175,"column":null}},"56":{"start":{"line":176,"column":30},"end":{"line":176,"column":null}},"57":{"start":{"line":177,"column":36},"end":{"line":181,"column":null}},"58":{"start":{"line":178,"column":22},"end":{"line":178,"column":null}},"59":{"start":{"line":179,"column":8},"end":{"line":179,"column":null}},"60":{"start":{"line":179,"column":20},"end":{"line":179,"column":null}},"61":{"start":{"line":180,"column":8},"end":{"line":180,"column":null}},"62":{"start":{"line":180,"column":36},"end":{"line":180,"column":60}},"63":{"start":{"line":182,"column":25},"end":{"line":182,"column":null}},"64":{"start":{"line":183,"column":29},"end":{"line":186,"column":null}},"65":{"start":{"line":188,"column":6},"end":{"line":195,"column":null}},"66":{"start":{"line":197,"column":24},"end":{"line":197,"column":null}},"67":{"start":{"line":198,"column":6},"end":{"line":235,"column":null}},"68":{"start":{"line":199,"column":8},"end":{"line":199,"column":null}},"69":{"start":{"line":199,"column":16},"end":{"line":199,"column":null}},"70":{"start":{"line":200,"column":25},"end":{"line":200,"column":null}},"71":{"start":{"line":201,"column":25},"end":{"line":201,"column":null}},"72":{"start":{"line":203,"column":28},"end":{"line":203,"column":null}},"73":{"start":{"line":204,"column":23},"end":{"line":204,"column":null}},"74":{"start":{"line":205,"column":14},"end":{"line":205,"column":null}},"75":{"start":{"line":206,"column":28},"end":{"line":206,"column":null}},"76":{"start":{"line":207,"column":23},"end":{"line":207,"column":null}},"77":{"start":{"line":209,"column":8},"end":{"line":225,"column":null}},"78":{"start":{"line":226,"column":32},"end":{"line":226,"column":null}},"79":{"start":{"line":227,"column":8},"end":{"line":232,"column":null}},"80":{"start":{"line":228,"column":10},"end":{"line":230,"column":null}},"81":{"start":{"line":229,"column":12},"end":{"line":229,"column":null}},"82":{"start":{"line":231,"column":10},"end":{"line":231,"column":null}},"83":{"start":{"line":233,"column":8},"end":{"line":233,"column":null}},"84":{"start":{"line":234,"column":8},"end":{"line":234,"column":null}},"85":{"start":{"line":237,"column":6},"end":{"line":237,"column":null}},"86":{"start":{"line":240,"column":4},"end":{"line":267,"column":null}},"87":{"start":{"line":241,"column":22},"end":{"line":241,"column":null}},"88":{"start":{"line":242,"column":6},"end":{"line":266,"column":null}},"89":{"start":{"line":243,"column":33},"end":{"line":243,"column":null}},"90":{"start":{"line":244,"column":33},"end":{"line":244,"column":null}},"91":{"start":{"line":245,"column":8},"end":{"line":245,"column":null}},"92":{"start":{"line":245,"column":72},"end":{"line":245,"column":null}},"93":{"start":{"line":247,"column":14},"end":{"line":249,"column":null}},"94":{"start":{"line":248,"column":33},"end":{"line":248,"column":61}},"95":{"start":{"line":249,"column":26},"end":{"line":249,"column":47}},"96":{"start":{"line":250,"column":27},"end":{"line":250,"co
[...]
ll}},"13":{"start":{"line":44,"column":2},"end":{"line":44,"column":null}},"14":{"start":{"line":44,"column":21},"end":{"line":44,"column":null}},"15":{"start":{"line":45,"column":2},"end":{"line":45,"column":null}},"16":{"start":{"line":52,"column":16},"end":{"line":52,"column":null}},"17":{"start":{"line":53,"column":18},"end":{"line":53,"column":null}},"18":{"start":{"line":55,"column":2},"end":{"line":55,"column":null}},"19":{"start":{"line":55,"column":32},"end":{"line":55,"column":null}},"20":{"start":{"line":57,"column":14},"end":{"line":57,"column":null}},"21":{"start":{"line":58,"column":2},"end":{"line":58,"column":null}},"22":{"start":{"line":65,"column":2},"end":{"line":65,"column":null}}},"fnMap":{"0":{"name":"getToken","decl":{"start":{"line":13,"column":16},"end":{"line":13,"column":42}},"loc":{"start":{"line":13,"column":42},"end":{"line":15,"column":null}},"line":13},"1":{"name":"decodeJwt","decl":{"start":{"line":21,"column":16},"end":{"line":21,"column":26}},"loc":{"start":{"line":21,"column":67},"end":{"line":34,"column":null}},"line":21},"2":{"name":"getCurrentUserId","decl":{"start":{"line":40,"column":16},"end":{"line":40,"column":50}},"loc":{"start":{"line":40,"column":50},"end":{"line":46,"column":null}},"line":40},"3":{"name":"isAuthenticated","decl":{"start":{"line":51,"column":16},"end":{"line":51,"column":43}},"loc":{"start":{"line":51,"column":43},"end":{"line":59,"column":null}},"line":51},"4":{"name":"logout","decl":{"start":{"line":64,"column":16},"end":{"line":64,"column":31}},"loc":{"start":{"line":64,"column":31},"end":{"line":66,"column":null}},"line":64}},"branchMap":{"0":{"loc":{"start":{"line":14,"column":9},"end":{"line":14,"column":null}},"type":"binary-expr","locations":[{"start":{"line":14,"column":9},"end":{"line":14,"column":42}},{"start":{"line":14,"column":42},"end":{"line":14,"column":null}}],"line":14},"1":{"loc":{"start":{"line":22,"column":2},"end":{"line":22,"column":null}},"type":"if","locations":[{"start":{"line":22,"column":2},"end":{"line":22,"column":null}},{"start":{},"end":{}}],"line":22},"2":{"loc":{"start":{"line":26,"column":4},"end":{"line":26,"column":null}},"type":"if","locations":[{"start":{"line":26,"column":4},"end":{"line":26,"column":null}},{"start":{},"end":{}}],"line":26},"3":{"loc":{"start":{"line":44,"column":2},"end":{"line":44,"column":null}},"type":"if","locations":[{"start":{"line":44,"column":2},"end":{"line":44,"column":null}},{"start":{},"end":{}}],"line":44},"4":{"loc":{"start":{"line":55,"column":2},"end":{"line":55,"column":null}},"type":"if","locations":[{"start":{"line":55,"column":2},"end":{"line":55,"column":null}},{"start":{},"end":{}}],"line":55},"5":{"loc":{"start":{"line":55,"column":6},"end":{"line":55,"column":32}},"type":"binary-expr","locations":[{"start":{"line":55,"column":6},"end":{"line":55,"column":18}},{"start":{"line":55,"column":18},"end":{"line":55,"column":32}}],"line":55}},"s":{"0":3,"1":3,"2":0,"3":3,"4":3,"5":3,"6":0,"7":3,"8":3,"9":0,"10":0,"11":1,"12":1,"13":1,"14":0,"15":1,"16":1,"17":1,"18":1,"19":0,"20":1,"21":1,"22":1},"f":{"0":3,"1":3,"2":1,"3":1,"4":1},"b":{"0":[3,0],"1":[0,3],"2":[0,3],"3":[0,1],"4":[0,1],"5":[1,1]},"meta":{"lastBranch":6,"lastFunction":5,"lastStatement":23,"seen":{"f:13:16:13:42":0,"s:14:2:14:Infinity":0,"b:14:9:14:42:14:42:14:Infinity":0,"f:21:16:21:26":1,"b:22:2:22:Infinity:undefined:undefined:undefined:undefined":1,"s:22:2:22:Infinity":1,"s:22:14:22:Infinity":2,"s:24:2:33:Infinity":3,"s:25:26:25:Infinity":4,"b:26:4:26:Infinity:undefined:undefined:undefined:undefined":2,"s:26:4:26:Infinity":5,"s:26:24:26:Infinity":6,"s:28:17:28:Infinity":7,"s:29:4:29:Infinity":8,"s:31:4:31:Infinity":9,"s:32:4:32:Infinity":10,"f:40:16:40:50":2,"s:41:16:41:Infinity":11,"s:42:18:42:Infinity":12,"b:44:2:44:Infinity:undefined:undefined:undefined:undefined":3,"s:44:2:44:Infinity":13,"s:44:21:44:Infinity":14,"s:45:2:45:Infinity":15,"f:51:16:51:43":3,"s:52:16:52:Infinity":16,"s:53:18:53:Infinity":17,"b:55:2:55:Infinity:undefined:undefined:undefined:undefined":4,"s:55:2:55:Infinity":18,"b:55:6:55:18:55:18:55:32":5,"s:55:32:55:Infinity":19,"s:57:14:57:Infinity":20,"s:58:2:58:Infinity":21,"f:64:16:64:31":4,"s:65:2:65:Infinity":22}}}
,"/home/jscheitler/Desktop/2026_Spring_Semester/492/Senior_Design/src/main/client/src/utils/colorUtils.ts": {"path":"/home/jscheitler/Desktop/2026_Spring_Semester/492/Senior_Design/src/main/client/src/utils/colorUtils.ts","statementMap":{"0":{"start":{"line":5,"column":13},"end":{"line":5,"column":null}},"1":{"start":{"line":6,"column":2},"end":{"line":8,"column":null}},"2":{"start":{"line":6,"column":15},"end":{"line":6,"column":18}},"3":{"start":{"line":7,"column":4},"end":{"line":7,"column":null}},"4":{"start":{"line":11,"column":12},"end":{"line":11,"column":null}},"5":{"start":{"line":12,"column":12},"end":{"line":12,"column":null}},"6":{"start":{"line":13,"column":12},"end":{"line":13,"column":null}},"7":{"start":{"line":16,"column":2},"end":{"line":16,"column":null}},"8":{"start":{"line":20,"column":2},"end":{"line":20,"column":null}},"9":{"start":{"line":21,"column":2},"end":{"line":21,"column":null}},"10":{"start":{"line":22,"column":12},"end":{"line":22,"column":null}},"11":{"start":{"line":22,"column":13},"end":{"line":22,"column":null}},"12":{"start":{"line":23,"column":12},"end":{"line":23,"column":null}},"13":{"start":{"line":24,"column":12},"end":{"line":25,"column":null}},"14":{"start":{"line":25,"column":4},"end":{"line":25,"column":null}},"15":{"start":{"line":26,"column":2},"end":{"line":28,"column":null}},"16":{"start":{"line":32,"column":25},"end":{"line":32,"column":null}},"17":{"start":{"line":33,"column":19},"end":{"line":33,"column":null}},"18":{"start":{"line":34,"column":18},"end":{"line":34,"column":null}},"19":{"start":{"line":36,"column":2},"end":{"line":40,"column":null}}},"fnMap":{"0":{"name":"stringToColor","decl":{"start":{"line":3,"column":9},"end":{"line":3,"column":23}},"loc":{"start":{"line":3,"column":44},"end":{"line":17,"column":null}},"line":3},"1":{"name":"hslToHex","decl":{"start":{"line":19,"column":9},"end":{"line":19,"column":18}},"loc":{"start":{"line":19,"column":59},"end":{"line":29,"column":null}},"line":19},"2":{"name":"(anonymous_2)","decl":{"start":{"line":22,"column":12},"end":{"line":22,"column":13}},"loc":{"start":{"line":22,"column":13},"end":{"line":22,"column":null}},"line":22},"3":{"name":"(anonymous_3)","decl":{"start":{"line":24,"column":12},"end":{"line":24,"column":13}},"loc":{"start":{"line":25,"column":4},"end":{"line":25,"column":null}},"line":25},"4":{"name":"getBadgeColors","decl":{"start":{"line":31,"column":16},"end":{"line":31,"column":31}},"loc":{"start":{"line":31,"column":47},"end":{"line":41,"column":null}},"line":31}},"branchMap":{},"s":{"0":12,"1":12,"2":12,"3":26,"4":12,"5":12,"6":12,"7":12,"8":12,"9":12,"10":12,"11":72,"12":12,"13":12,"14":36,"15":12,"16":4,"17":4,"18":4,"19":4},"f":{"0":12,"1":12,"2":72,"3":36,"4":4},"b":{},"meta":{"lastBranch":0,"lastFunction":5,"lastStatement":20,"seen":{"f:3:9:3:23":0,"s:5:13:5:Infinity":0,"s:6:2:8:Infinity":1,"s:6:15:6:18":2,"s:7:4:7:Infinity":3,"s:11:12:11:Infinity":4,"s:12:12:12:Infinity":5,"s:13:12:13:Infinity":6,"s:16:2:16:Infinity":7,"f:19:9:19:18":1,"s:20:2:20:Infinity":8,"s:21:2:21:Infinity":9,"s:22:12:22:Infinity":10,"f:22:12:22:13":2,"s:22:13:22:Infinity":11,"s:23:12:23:Infinity":12,"s:24:12:25:Infinity":13,"f:24:12:24:13":3,"s:25:4:25:Infinity":14,"s:26:2:28:Infinity":15,"f:31:16:31:31":4,"s:32:25:32:Infinity":16,"s:33:19:33:Infinity":17,"s:34:18:34:Infinity":18,"s:36:2:40:Infinity":19}}}
,"/home/jscheitler/Desktop/2026_Spring_Semester/492/Senior_Design/src/main/client/src/utils/flowchartStatus.ts": {"path":"/home/jscheitler/Desktop/2026_Spring_Semester/492/Senior_Design/src/main/client/src/utils/flowchartStatus.ts","statementMap":{"0":{"start":{"line":4,"column":2},"end":{"line":7,"column":null}},"1":{"start":{"line":11,"column":2},"end":{"line":14,"column":null}},"2":{"start":{"line":20,"column":17},"end":{"line":20,"column":null}},"3":{"start":{"line":21,"column":2},"end":{"line":25,"column":null}},"4":{"start":{"line":22,"column":28},"end":{"line":22,"column":null}},"5":{"start":{"line":23,"column":4},"end":{"line":23,"column":null}},"6":{"start":{"line":23,"column":26},"end":{"line":23,"column":null}},"7":{"start":{"line":24,"column":4},"end":{"line":24,"column":null}},"8":{"start":{"line":26,"column":2},"end":{"line":26,"column":null}},"9":{"start":{"line":33,"column":26},"end":{"line":33,"column":null}},"10":{"start":{"line":34,"column":2},"end":{"line":34,"column":null}},"11":{"start":{"line":34,"column":24},"end":{"line":34,"column":null}},"12":{"start":{"line":35,"column":2},"end":{"line":35,"column":null}}},"fnMap":{"0":{"name":"normalizeCourseIdent","decl":{"start":{"line":3,"column":16},"end":{"line":3,"column":37}},"loc":{"start":{"line":3,"column":79},"end":{"line":8,"column":null}},"line":3},"1":{"name":"normalizeStatus","decl":{"start":{"line":10,"column":16},"end":{"line":10,"column":32}},"loc":{"start":{"line":10,"column":81},"end":{"line":15,"column":null}},"line":10},"2":{"name":"createStatusLookup","decl":{"start":{"line":17,"column":16},"end":{"line":17,"column":null}},"loc":{"start":{"line":19,"column":29},"end":{"line":27,"column":null}},"line":19},"3":{"name":"(anonymous_3)","decl":{"start":{"line":21,"column":48},"end":{"line":21,"column":49}},"loc":{"start":{"line":21,"column":69},"end":{"line":25,"column":3}},"line":21},"4":{"name":"resolveCourseStatus","decl":{"start":{"line":29,"column":16},"end":{"line":29,"column":null}},"loc":{"start":{"line":32,"column":28},"end":{"line":36,"column":null}},"line":32}},"branchMap":{"0":{"loc":{"start":{"line":4,"column":16},"end":{"line":4,"column":27}},"type":"binary-expr","locations":[{"start":{"line":4,"column":16},"end":{"line":4,"column":25}},{"start":{"line":4,"column":25},"end":{"line":4,"column":27}}],"line":4},"1":{"loc":{"start":{"line":11,"column":16},"end":{"line":11,"column":28}},"type":"binary-expr","locations":[{"start":{"line":11,"column":16},"end":{"line":11,"column":26}},{"start":{"line":11,"column":26},"end":{"line":11,"column":28}}],"line":11},"2":{"loc":{"start":{"line":21,"column":17},"end":{"line":21,"column":38}},"type":"binary-expr","locations":[{"start":{"line":21,"column":17},"end":{"line":21,"column":36}},{"start":{"line":21,"column":36},"end":{"line":21,"column":38}}],"line":21},"3":{"loc":{"start":{"line":23,"column":4},"end":{"line":23,"column":null}},"type":"if","locations":[{"start":{"line":23,"column":4},"end":{"line":23,"column":null}},{"start":{},"end":{}}],"line":23},"4":{"loc":{"start":{"line":34,"column":2},"end":{"line":34,"column":null}},"type":"if","locations":[{"start":{"line":34,"column":2},"end":{"line":34,"column":null}},{"start":{},"end":{}}],"line":34}},"s":{"0":7,"1":2,"2":1,"3":1,"4":2,"5":2,"6":0,"7":2,"8":1,"9":3,"10":3,"11":0,"12":3},"f":{"0":7,"1":2,"2":1,"3":2,"4":3},"b":{"0":[7,0],"1":[2,0],"2":[1,0],"3":[0,2],"4":[0,3]},"meta":{"lastBranch":5,"lastFunction":5,"lastStatement":13,"seen":{"f:3:16:3:37":0,"s:4:2:7:Infinity":0,"b:4:16:4:25:4:25:4:27":0,"f:10:16:10:32":1,"s:11:2:14:Infinity":1,"b:11:16:11:26:11:26:11:28":1,"f:17:16:17:Infinity":2,"s:20:17:20:Infinity":2,"s:21:2:25:Infinity":3,"b:21:17:21:36:21:36:21:38":2,"f:21:48:21:49":3,"s:22:28:22:Infinity":4,"b:23:4:23:Infinity:undefined:undefined:undefined:undefined":3,"s:23:4:23:Infinity":5,"s:23:26:23:Infinity":6,"s:24:4:24:Infinity":7,"s:26:2:26:Infinity":8,"f:29:16:29:Infinity":4,"s:33:26:33:Infinity":9,"b:34:2:34:Infinity:undefined:undefined:undefined:undefined":4,"s:34:2:34:Infinity":10,"s:34:24:34:Infinity":11,"s:35:2:35:Infinity":12}}}
,"/home/jscheitler/Desktop/2026_Spring_Semester/492/Senior_Design/src/main/client/src/utils/notifications.ts": {"path":"/home/jscheitler/Desktop/2026_Spring_Semester/492/Senior_Design/src/main/client/src/utils/notifications.ts","statementMap":{"0":{"start":{"line":16,"column":19},"end":{"line":16,"column":null}},"1":{"start":{"line":19,"column":47},"end":{"line":22,"column":null}},"2":{"start":{"line":23,"column":2},"end":{"line":23,"column":null}},"3":{"start":{"line":29,"column":18},"end":{"line":33,"column":null}},"4":{"start":{"line":30,"column":19},"end":{"line":30,"column":null}},"5":{"start":{"line":31,"column":4},"end":{"line":31,"column":null}},"6":{"start":{"line":31,"column":24},"end":{"line":31,"column":null}},"7":{"start":{"line":32,"column":4},"end":{"line":32,"column":null}},"8":{"start":{"line":34,"column":2},"end":{"line":34,"column":null}},"9":{"start":{"line":35,"column":2},"end":{"line":35,"column":null}},"10":{"start":{"line":35,"column":15},"end":{"line":35,"column":null}}},"fnMap":{"0":{"name":"publishAppNotification","decl":{"start":{"line":18,"column":16},"end":{"line":18,"column":39}},"loc":{"start":{"line":18,"column":74},"end":{"line":24,"column":null}},"line":18},"1":{"name":"subscribeToAppNotifications","decl":{"start":{"line":26,"column":16},"end":{"line":26,"column":null}},"loc":{"start":{"line":28,"column":14},"end":{"line":36,"column":null}},"line":28},"2":{"name":"(anonymous_2)","decl":{"start":{"line":29,"column":18},"end":{"line":29,"column":19}},"loc":{"start":{"line":29,"column":36},"end":{"line":33,"column":null}},"line":29},"3":{"name":"(anonymous_3)","decl":{"start":{"line":35,"column":9},"end":{"line":35,"column":15}},"loc":{"start":{"line":35,"column":15},"end":{"line":35,"column":null}},"line":35}},"branchMap":{"0":{"loc":{"start":{"line":31,"column":4},"end":{"line":31,"column":null}},"type":"if","locations":[{"start":{"line":31,"column":4},"end":{"line":31,"column":null}},{"start":{},"end":{}}],"line":31}},"s":{"0":2,"1":4,"2":4,"3":4,"4":3,"5":3,"6":0,"7":3,"8":4,"9":4,"10":4},"f":{"0":4,"1":4,"2":3,"3":4},"b":{"0":[0,3]},"meta":{"lastBranch":1,"lastFunction":4,"lastStatement":11,"seen":{"s:16:19:16:Infinity":0,"f:18:16:18:39":0,"s:19:47:22:Infinity":1,"s:23:2:23:Infinity":2,"f:26:16:26:Infinity":1,"s:29:18:33:Infinity":3,"f:29:18:29:19":2,"s:30:19:30:Infinity":4,"b:31:4:31:Infinity:undefined:undefined:undefined:undefined":0,"s:31:4:31:Infinity":5,"s:31:24:31:Infinity":6,"s:32:4:32:Infinity":7,"s:34:2:34:Infinity":8,"s:35:2:35:Infinity":9,"f:35:9:35:15":3,"s:35:15:35:Infinity":10}}}
,"/home/jscheitler/Desktop/2026_Spring_Semester/492/Senior_Design/src/main/client/src/utils/theme.ts": {"path":"/home/jscheitler/Desktop/2026_Spring_Semester/492/Senior_Design/src/main/client/src/utils/theme.ts","statementMap":{"0":{"start":{"line":3,"column":18},"end":{"line":3,"column":null}},"1":{"start":{"line":5,"column":45},"end":{"line":10,"column":null}},"2":{"start":{"line":13,"column":15},"end":{"line":13,"column":null}},"3":{"start":{"line":14,"column":2},"end":{"line":18,"column":null}},"4":{"start":{"line":15,"column":4},"end":{"line":15,"column":null}},"5":{"start":{"line":17,"column":4},"end":{"line":17,"column":null}},"6":{"start":{"line":20,"column":2},"end":{"line":20,"column":null}},"7":{"start":{"line":21,"column":2},"end":{"line":21,"column":null}},"8":{"start":{"line":23,"column":2},"end":{"line":23,"column":null}},"9":{"start":{"line":24,"column":2},"end":{"line":24,"column":null}},"10":{"start":{"line":26,"column":2},"end":{"line":30,"column":null}},"11":{"start":{"line":27,"column":4},"end":{"line":27,"column":null}},"12":{"start":{"line":29,"column":4},"end":{"line":29,"column":null}},"13":{"start":{"line":34,"column":14},"end":{"line":34,"column":null}},"14":{"start":{"line":35,"column":2},"end":{"line":35,"column":null}},"15":{"start":{"line":35,"column":12},"end":{"line":35,"column":null}},"16":{"start":{"line":37,"column":2},"end":{"line":51,"column":null}},"17":{"start":{"line":38,"column":19},"end":{"line":38,"column":null}},"18":{"start":{"line":40,"column":6},"end":{"line":40,"column":null}},"19":{"start":{"line":42,"column":6},"end":{"line":42,"column":null}},"20":{"start":{"line":43,"column":4},"end":{"line":48,"column":null}},"21":{"start":{"line":50,"column":4},"end":{"line":50,"column":null}},"22":{"start":{"line":55,"column":2},"end":{"line":55,"column":null}},"23":{"start":{"line":59,"column":2},"end":{"line":59,"column":null}},"24":{"start":{"line":60,"column":2},"end":{"line":60,"column":null}}},"fnMap":{"0":{"name":"applyPreferencesClasses","decl":{"start":{"line":12,"column":9},"end":{"line":12,"column":33}},"loc":{"start":{"line":12,"column":57},"end":{"line":31,"column":null}},"line":12},"1":{"name":"getSavedThemePreferences","decl":{"start":{"line":33,"column":16},"end":{"line":33,"column":60}},"loc":{"start":{"line":33,"column":60},"end":{"line":52,"column":null}},"line":33},"2":{"name":"initializeTheme","decl":{"start":{"line":54,"column":16},"end":{"line":54,"column":40}},"loc":{"start":{"line":54,"column":40},"end":{"line":56,"column":null}},"line":54},"3":{"name":"setThemePreferences","decl":{"start":{"line":58,"column":16},"end":{"line":58,"column":36}},"loc":{"start":{"line":58,"column":66},"end":{"line":61,"column":null}},"line":58}},"branchMap":{"0":{"loc":{"start":{"line":14,"column":2},"end":{"line":18,"column":null}},"type":"if","locations":[{"start":{"line":14,"column":2},"end":{"line":18,"column":null}},{"start":{"line":16,"column":9},"end":{"line":18,"column":null}}],"line":14},"1":{"loc":{"start":{"line":26,"column":2},"end":{"line":30,"column":null}},"type":"if","locations":[{"start":{"line":26,"column":2},"end":{"line":30,"column":null}},{"start":{"line":28,"column":9},"end":{"line":30,"column":null}}],"line":26},"2":{"loc":{"start":{"line":35,"column":2},"end":{"line":35,"column":null}},"type":"if","locations":[{"start":{"line":35,"column":2},"end":{"line":35,"column":null}},{"start":{},"end":{}}],"line":35},"3":{"loc":{"start":{"line":40,"column":6},"end":{"line":40,"column":null}},"type":"cond-expr","locations":[{"start":{"line":40,"column":74},"end":{"line":40,"column":95}},{"start":{"line":40,"column":95},"end":{"line":40,"column":null}}],"line":40},"4":{"loc":{"start":{"line":40,"column":6},"end":{"line":40,"column":74}},"type":"binary-expr","locations":[{"start":{"line":40,"column":6},"end":{"line":40,"column":40}},{"start":{"line":40,"column":40},"end":{"line":40,"column":74}}],"line":40},"5":{"loc":{"start":{"line":42,"column":6},"end":{"line":42,"column":null}},"type":"cond-expr","locations":[{"start":{"line":42,"column":69},"end":{"line":42,"column":88}},{"start":{"line":42,"column":88},"end":{"line":42,"column":null}}],"line":42},"6":{"loc":{"start":{"line":42,"column":6},"end":{"line":42,"column":69}},"type":"binary-expr","locations":[{"start":{"line":42,"column":6},"end":{"line":42,"column":38}},{"start":{"line":42,"column":38},"end":{"line":42,"column":69}}],"line":42}},"s":{"0":1,"1":1,"2":2,"3":2,"4":1,"5":1,"6":2,"7":2,"8":2,"9":2,"10":2,"11":1,"12":1,"13":3,"14":3,"15":1,"16":2,"17":2,"18":2,"19":3,"20":3,"21":1,"22":1,"23":1,"24":1},"f":{"0":2,"1":3,"2":1,"3":1},"b":{"0":[1,1],"1":[1,1],"2":[1,2],"3":[1,0],"4":[2,1],"5":[1,0],"6":[3,0]},"meta":{"lastBranch":7,"lastFunction":4,"lastStatement":25,"seen":{"s:3:18:3:Infinity":0,"s:5:45:10:Infinity":1,"f:12:9:12:33":0,"s:13:15:13:Infinity":2,"b:14:2:18:Infinity:16:9:18:Infinity":0,"s:14:2:18:Infinity":3,"s:15:4:15:Infinity":4,"s:17:4:17:Infinity":5,"s:20:2:20:Infinity":6,"s:21:2:21:Infinity":7,"s:23:2:23:Infinity":8,"s:24:2:24:Infinity":9,"b:26:2:30:Infinity:28:9:30:Infinity":1,"s:26:2:30:Infinity":10,"s:27:4:27:Infinity":11,"s:29:4:29:Infinity":12,"f:33:16:33:60":1,"s:34:14:34:Infinity":13,"b:35:2:35:Infinity:undefined:undefined:undefined:undefined":2,"s:35:2:35:Infinity":14,"s:35:12:35:Infinity":15,"s:37:2:51:Infinity":16,"s:38:19:38:Infinity":17,"s:40:6:40:Infinity":18,"b:40:74:40:95:40:95:40:Infinity":3,"b:40:6:40:40:40:40:40:74":4,"s:42:6:42:Infinity":19,"b:42:69:42:88:42:88:42:Infinity":5,"b:42:6:42:38:42:38:42:69":6,"s:43:4:48:Infinity":20,"s:50:4:50:Infinity":21,"f:54:16:54:40":2,"s:55:2:55:Infinity":22,"f:58:16:58:36":3,"s:59:2:59:Infinity":23,"s:60:2:60:Infinity":24}}}
}
